[1.500s] Invoking command in '/ws/ros2_ws/src/build/components_py': PYTHONPATH=/ws/ros2_ws/src/build/components_py/prefix_override:/usr/lib/python3/dist-packages/colcon_core/task/python/colcon_distutils_commands:/ws/ros2_ws/src/install/components_py/lib/python3.10/site-packages:${PYTHONPATH} /usr/bin/python3 -W ignore:setup.py install is deprecated setup.py develop --editable --build-directory /ws/ros2_ws/src/build/components_py/build --no-deps symlink_data
[1.869s] running develop
[1.869s] /home/vipul/.local/lib/python3.10/site-packages/setuptools/command/develop.py:42: EasyInstallDeprecationWarning: easy_install command is deprecated.
[1.869s] !!
[1.869s] 
[1.869s]         ********************************************************************************
[1.870s]         Please avoid running ``setup.py`` and ``easy_install``.
[1.870s]         Instead, use pypa/build, pypa/installer or other
[1.870s]         standards-based tools.
[1.870s] 
[1.870s]         See https://github.com/pypa/setuptools/issues/917 for details.
[1.870s]         ********************************************************************************
[1.870s] 
[1.870s] !!
[1.870s]   easy_install.initialize_options(self)
[2.019s] running egg_info
[2.030s] writing components_py.egg-info/PKG-INFO
[2.031s] writing dependency_links to components_py.egg-info/dependency_links.txt
[2.031s] writing requirements to components_py.egg-info/requires.txt
[2.031s] writing top-level names to components_py.egg-info/top_level.txt
[2.053s] reading manifest file 'components_py.egg-info/SOURCES.txt'
[2.053s] writing manifest file 'components_py.egg-info/SOURCES.txt'
[2.065s] running build_ext
[2.065s] Creating /ws/ros2_ws/src/install/components_py/lib/python3.10/site-packages/components-py.egg-link (link to .)
[2.065s] 
[2.065s] Installed /ws/ros2_ws/src/build/components_py
[2.066s] running symlink_data
[2.088s] Invoked command in '/ws/ros2_ws/src/build/components_py' returned '0': PYTHONPATH=/ws/ros2_ws/src/build/components_py/prefix_override:/usr/lib/python3/dist-packages/colcon_core/task/python/colcon_distutils_commands:/ws/ros2_ws/src/install/components_py/lib/python3.10/site-packages:${PYTHONPATH} /usr/bin/python3 -W ignore:setup.py install is deprecated setup.py develop --editable --build-directory /ws/ros2_ws/src/build/components_py/build --no-deps symlink_data
