[1.496s] Invoking command in '/ws/ros2_ws/src/build/executors_py': PYTHONPATH=/ws/ros2_ws/src/build/executors_py/prefix_override:/usr/lib/python3/dist-packages/colcon_core/task/python/colcon_distutils_commands:/ws/ros2_ws/src/install/executors_py/lib/python3.10/site-packages:${PYTHONPATH} /usr/bin/python3 -W ignore:setup.py install is deprecated setup.py develop --editable --build-directory /ws/ros2_ws/src/build/executors_py/build --no-deps symlink_data
[1.748s] running develop
[1.749s] /home/vipul/.local/lib/python3.10/site-packages/setuptools/command/develop.py:42: EasyInstallDeprecationWarning: easy_install command is deprecated.
[1.749s] !!
[1.749s] 
[1.749s]         ********************************************************************************
[1.749s]         Please avoid running ``setup.py`` and ``easy_install``.
[1.749s]         Instead, use pypa/build, pypa/installer or other
[1.749s]         standards-based tools.
[1.749s] 
[1.749s]         See https://github.com/pypa/setuptools/issues/917 for details.
[1.749s]         ********************************************************************************
[1.749s] 
[1.749s] !!
[1.749s]   easy_install.initialize_options(self)
[1.902s] running egg_info
[1.914s] writing executors_py.egg-info/PKG-INFO
[1.914s] writing dependency_links to executors_py.egg-info/dependency_links.txt
[1.914s] writing entry points to executors_py.egg-info/entry_points.txt
[1.914s] writing requirements to executors_py.egg-info/requires.txt
[1.914s] writing top-level names to executors_py.egg-info/top_level.txt
[1.935s] reading manifest file 'executors_py.egg-info/SOURCES.txt'
[1.935s] writing manifest file 'executors_py.egg-info/SOURCES.txt'
[1.948s] running build_ext
[1.948s] Creating /ws/ros2_ws/src/install/executors_py/lib/python3.10/site-packages/executors-py.egg-link (link to .)
[1.948s] Installing multi_threaded_executor script to /ws/ros2_ws/src/install/executors_py/lib/executors_py
[1.948s] Installing single_threaded_executor script to /ws/ros2_ws/src/install/executors_py/lib/executors_py
[1.950s] 
[1.950s] Installed /ws/ros2_ws/src/build/executors_py
[1.950s] running symlink_data
[1.983s] Invoked command in '/ws/ros2_ws/src/build/executors_py' returned '0': PYTHONPATH=/ws/ros2_ws/src/build/executors_py/prefix_override:/usr/lib/python3/dist-packages/colcon_core/task/python/colcon_distutils_commands:/ws/ros2_ws/src/install/executors_py/lib/python3.10/site-packages:${PYTHONPATH} /usr/bin/python3 -W ignore:setup.py install is deprecated setup.py develop --editable --build-directory /ws/ros2_ws/src/build/executors_py/build --no-deps symlink_data
