[0.008s] Invoking command in '/ws/ros2_ws/src/build/actions_cpp': AMENT_PREFIX_PATH=/ws/ros2_ws/src/install/my_robot_interfaces:${AMENT_PREFIX_PATH} CMAKE_PREFIX_PATH=/ws/ros2_ws/src/install/my_robot_interfaces:/ws/ros2_ws/install/actions_cpp:/ws/ros2_ws/install/my_robot_interfaces:/ws/ros2_ws/install/my_robot_description:/ws/ros2_ws/install/my_robot_bringup:/ws/ros2_ws/install/my_cpp_package:/ws/ros2_ws/install/lifecycle_cpp:/ws/ros2_ws/install/executors_cpp:/ws/ros2_ws/install/components_cpp:/ws/r2_ws/install/r2_bringup:/ws/r2_ws/install/gripper_srvs:/ws/r2_ws/install/r2_interfaces:/ws/r2_ws/install/r2_description:/ws/r2_ws/install/line_following:/ws/ros2_ws/install/turtlesim_catch_them_all:/ws/ros2_ws/install/activity:/ws/ros2_ws/install/my_py_pkg:/ws/ros2_ws/install/lifecycle_py:/ws/ros2_ws/install/executors_py:/ws/ros2_ws/install/components_py:/ws/ros2_ws/install/action_py:/ws/r2_ws/install/silo_tracking:/ws/r2_ws/install/r2_py:/ws/r2_ws/install/r2_navigation:/ws/r2_ws/install/luna_control:/ws/r2_ws/install/controls:/ws/r2_ws/install/ball_tracking:/opt/ros/humble LD_LIBRARY_PATH=/ws/ros2_ws/src/install/my_robot_interfaces/lib:/ws/ros2_ws/install/my_robot_interfaces/lib:/ws/r2_ws/install/r2_interfaces/lib:/opt/ros/humble/opt/rviz_ogre_vendor/lib:/opt/ros/humble/lib/x86_64-linux-gnu:/opt/ros/humble/lib:/usr/share/gazebo-11/../../lib/x86_64-linux-gnu/gazebo-11/plugins PYTHONPATH=/ws/ros2_ws/src/install/my_robot_interfaces/local/lib/python3.10/dist-packages:${PYTHONPATH} /usr/bin/cmake /ws/ros2_ws/src/actions_cpp -DAMENT_CMAKE_SYMLINK_INSTALL=1 -DCMAKE_INSTALL_PREFIX=/ws/ros2_ws/src/install/actions_cpp
[0.043s] -- The C compiler identification is GNU 11.4.0
[0.080s] -- The CXX compiler identification is GNU 11.4.0
[0.084s] -- Detecting C compiler ABI info
[0.128s] -- Detecting C compiler ABI info - done
[0.132s] -- Check for working C compiler: /usr/bin/cc - skipped
[0.133s] -- Detecting C compile features
[0.133s] -- Detecting C compile features - done
[0.135s] -- Detecting CXX compiler ABI info
[0.188s] -- Detecting CXX compiler ABI info - done
[0.193s] -- Check for working CXX compiler: /usr/bin/c++ - skipped
[0.193s] -- Detecting CXX compile features
[0.193s] -- Detecting CXX compile features - done
[0.196s] -- Found ament_cmake: 1.3.9 (/opt/ros/humble/share/ament_cmake/cmake)
[0.502s] -- Found Python3: /usr/bin/python3 (found version "3.10.12") found components: Interpreter 
[0.546s] -- Override CMake install command with custom implementation using symlinks instead of copying resources
[0.569s] -- Found rclcpp: 16.0.9 (/opt/ros/humble/share/rclcpp/cmake)
[0.599s] -- Found rosidl_generator_c: 3.1.5 (/opt/ros/humble/share/rosidl_generator_c/cmake)
[0.603s] -- Found rosidl_adapter: 3.1.5 (/opt/ros/humble/share/rosidl_adapter/cmake)
[0.609s] -- Found rosidl_generator_cpp: 3.1.5 (/opt/ros/humble/share/rosidl_generator_cpp/cmake)
[0.618s] -- Using all available rosidl_typesupport_c: rosidl_typesupport_fastrtps_c;rosidl_typesupport_introspection_c
[0.631s] -- Using all available rosidl_typesupport_cpp: rosidl_typesupport_fastrtps_cpp;rosidl_typesupport_introspection_cpp
[0.680s] -- Found rmw_implementation_cmake: 6.1.2 (/opt/ros/humble/share/rmw_implementation_cmake/cmake)
[0.682s] -- Found rmw_fastrtps_cpp: 6.2.6 (/opt/ros/humble/share/rmw_fastrtps_cpp/cmake)
[0.738s] -- Found OpenSSL: /usr/lib/x86_64-linux-gnu/libcrypto.so (found version "3.0.2")  
[0.754s] -- Found FastRTPS: /opt/ros/humble/include  
[0.778s] -- Using RMW implementation 'rmw_fastrtps_cpp' as default
[0.785s] -- Looking for pthread.h
[0.825s] -- Looking for pthread.h - found
[0.825s] -- Performing Test CMAKE_HAVE_LIBC_PTHREAD
[0.867s] -- Performing Test CMAKE_HAVE_LIBC_PTHREAD - Success
[0.867s] -- Found Threads: TRUE  
[0.962s] -- Found rclcpp_action: 16.0.9 (/opt/ros/humble/share/rclcpp_action/cmake)
[1.015s] -- Found my_robot_interfaces: 0.0.0 (/ws/ros2_ws/src/install/my_robot_interfaces/share/my_robot_interfaces/cmake)
[1.046s] -- Found example_interfaces: 0.9.3 (/opt/ros/humble/share/example_interfaces/cmake)
[1.124s] -- Configuring done
[1.132s] -- Generating done
[1.132s] -- Build files have been written to: /ws/ros2_ws/src/build/actions_cpp
