[1.609s] Invoking command in '/ws/ros2_ws/src/build/turtlesim_catch_them_all': PYTHONPATH=/ws/ros2_ws/src/build/turtlesim_catch_them_all/prefix_override:/usr/lib/python3/dist-packages/colcon_core/task/python/colcon_distutils_commands:/ws/ros2_ws/src/install/turtlesim_catch_them_all/lib/python3.10/site-packages:${PYTHONPATH} /usr/bin/python3 -W ignore:setup.py install is deprecated setup.py develop --editable --build-directory /ws/ros2_ws/src/build/turtlesim_catch_them_all/build --no-deps symlink_data
[2.037s] running develop
[2.037s] /home/vipul/.local/lib/python3.10/site-packages/setuptools/command/develop.py:42: EasyInstallDeprecationWarning: easy_install command is deprecated.
[2.038s] !!
[2.038s] 
[2.038s]         ********************************************************************************
[2.038s]         Please avoid running ``setup.py`` and ``easy_install``.
[2.038s]         Instead, use pypa/build, pypa/installer or other
[2.038s]         standards-based tools.
[2.038s] 
[2.038s]         See https://github.com/pypa/setuptools/issues/917 for details.
[2.038s]         ********************************************************************************
[2.038s] 
[2.040s] !!
[2.040s]   easy_install.initialize_options(self)
[2.195s] running egg_info
[2.196s] creating turtlesim_catch_them_all.egg-info
[2.207s] writing turtlesim_catch_them_all.egg-info/PKG-INFO
[2.207s] writing dependency_links to turtlesim_catch_them_all.egg-info/dependency_links.txt
[2.207s] writing entry points to turtlesim_catch_them_all.egg-info/entry_points.txt
[2.207s] writing requirements to turtlesim_catch_them_all.egg-info/requires.txt
[2.207s] writing top-level names to turtlesim_catch_them_all.egg-info/top_level.txt
[2.207s] writing manifest file 'turtlesim_catch_them_all.egg-info/SOURCES.txt'
[2.230s] reading manifest file 'turtlesim_catch_them_all.egg-info/SOURCES.txt'
[2.230s] writing manifest file 'turtlesim_catch_them_all.egg-info/SOURCES.txt'
[2.243s] running build_ext
[2.243s] Creating /ws/ros2_ws/src/install/turtlesim_catch_them_all/lib/python3.10/site-packages/turtlesim-catch-them-all.egg-link (link to .)
[2.243s] Installing turtle_controller script to /ws/ros2_ws/src/install/turtlesim_catch_them_all/lib/turtlesim_catch_them_all
[2.244s] Installing turtle_spawner script to /ws/ros2_ws/src/install/turtlesim_catch_them_all/lib/turtlesim_catch_them_all
[2.244s] 
[2.244s] Installed /ws/ros2_ws/src/build/turtlesim_catch_them_all
[2.244s] running symlink_data
[2.244s] creating /ws/ros2_ws/src/install/turtlesim_catch_them_all/share/ament_index
[2.244s] creating /ws/ros2_ws/src/install/turtlesim_catch_them_all/share/ament_index/resource_index
[2.244s] creating /ws/ros2_ws/src/install/turtlesim_catch_them_all/share/ament_index/resource_index/packages
[2.244s] symbolically linking /ws/ros2_ws/src/build/turtlesim_catch_them_all/resource/turtlesim_catch_them_all -> /ws/ros2_ws/src/install/turtlesim_catch_them_all/share/ament_index/resource_index/packages
[2.245s] symbolically linking /ws/ros2_ws/src/build/turtlesim_catch_them_all/package.xml -> /ws/ros2_ws/src/install/turtlesim_catch_them_all/share/turtlesim_catch_them_all
