[0.458s] Invoking command in '/ws/ros2_ws/src/build/executors_cpp': CMAKE_PREFIX_PATH=${CMAKE_PREFIX_PATH}:/ws/ros2_ws/install/turtlesim_catch_them_all:/ws/ros2_ws/install/activity:/ws/ros2_ws/install/my_py_pkg:/ws/ros2_ws/install/lifecycle_py:/ws/ros2_ws/install/executors_py:/ws/ros2_ws/install/components_py:/ws/ros2_ws/install/action_py:/ws/r2_ws/install/silo_tracking:/ws/r2_ws/install/r2_py:/ws/r2_ws/install/r2_navigation:/ws/r2_ws/install/luna_control:/ws/r2_ws/install/controls:/ws/r2_ws/install/ball_tracking:/opt/ros/humble /usr/bin/cmake --build /ws/ros2_ws/src/build/executors_cpp -- -j24 -l24
[0.768s] [100%] Built target multi_threaded_executor
[0.768s] [100%] Built target single_threaded_executor
[0.918s] Invoked command in '/ws/ros2_ws/src/build/executors_cpp' returned '0': CMAKE_PREFIX_PATH=${CMAKE_PREFIX_PATH}:/ws/ros2_ws/install/turtlesim_catch_them_all:/ws/ros2_ws/install/activity:/ws/ros2_ws/install/my_py_pkg:/ws/ros2_ws/install/lifecycle_py:/ws/ros2_ws/install/executors_py:/ws/ros2_ws/install/components_py:/ws/ros2_ws/install/action_py:/ws/r2_ws/install/silo_tracking:/ws/r2_ws/install/r2_py:/ws/r2_ws/install/r2_navigation:/ws/r2_ws/install/luna_control:/ws/r2_ws/install/controls:/ws/r2_ws/install/ball_tracking:/opt/ros/humble /usr/bin/cmake --build /ws/ros2_ws/src/build/executors_cpp -- -j24 -l24
[0.943s] Invoking command in '/ws/ros2_ws/src/build/executors_cpp': CMAKE_PREFIX_PATH=${CMAKE_PREFIX_PATH}:/ws/ros2_ws/install/turtlesim_catch_them_all:/ws/ros2_ws/install/activity:/ws/ros2_ws/install/my_py_pkg:/ws/ros2_ws/install/lifecycle_py:/ws/ros2_ws/install/executors_py:/ws/ros2_ws/install/components_py:/ws/ros2_ws/install/action_py:/ws/r2_ws/install/silo_tracking:/ws/r2_ws/install/r2_py:/ws/r2_ws/install/r2_navigation:/ws/r2_ws/install/luna_control:/ws/r2_ws/install/controls:/ws/r2_ws/install/ball_tracking:/opt/ros/humble /usr/bin/cmake --install /ws/ros2_ws/src/build/executors_cpp
[0.949s] -- Install configuration: ""
[0.949s] -- Execute custom install script
[0.950s] -- Up-to-date symlink: /ws/ros2_ws/src/install/executors_cpp/lib/executors_cpp//single_threaded_executor
[0.951s] -- Up-to-date symlink: /ws/ros2_ws/src/install/executors_cpp/lib/executors_cpp//multi_threaded_executor
[0.951s] -- Up-to-date symlink: /ws/ros2_ws/src/install/executors_cpp/share/ament_index/resource_index/package_run_dependencies/executors_cpp
[0.951s] -- Up-to-date symlink: /ws/ros2_ws/src/install/executors_cpp/share/ament_index/resource_index/parent_prefix_path/executors_cpp
[0.951s] -- Up-to-date symlink: /ws/ros2_ws/src/install/executors_cpp/share/executors_cpp/environment/ament_prefix_path.sh
[0.952s] -- Up-to-date symlink: /ws/ros2_ws/src/install/executors_cpp/share/executors_cpp/environment/ament_prefix_path.dsv
[0.952s] -- Up-to-date symlink: /ws/ros2_ws/src/install/executors_cpp/share/executors_cpp/environment/path.sh
[0.952s] -- Up-to-date symlink: /ws/ros2_ws/src/install/executors_cpp/share/executors_cpp/environment/path.dsv
[0.952s] -- Up-to-date symlink: /ws/ros2_ws/src/install/executors_cpp/share/executors_cpp/local_setup.bash
[0.952s] -- Up-to-date symlink: /ws/ros2_ws/src/install/executors_cpp/share/executors_cpp/local_setup.sh
[0.952s] -- Up-to-date symlink: /ws/ros2_ws/src/install/executors_cpp/share/executors_cpp/local_setup.zsh
[0.952s] -- Up-to-date symlink: /ws/ros2_ws/src/install/executors_cpp/share/executors_cpp/local_setup.dsv
[0.952s] -- Symlinking: /ws/ros2_ws/src/install/executors_cpp/share/executors_cpp/package.dsv
[0.957s] -- Up-to-date symlink: /ws/ros2_ws/src/install/executors_cpp/share/ament_index/resource_index/packages/executors_cpp
[0.957s] -- Up-to-date symlink: /ws/ros2_ws/src/install/executors_cpp/share/executors_cpp/cmake/executors_cppConfig.cmake
[0.957s] -- Up-to-date symlink: /ws/ros2_ws/src/install/executors_cpp/share/executors_cpp/cmake/executors_cppConfig-version.cmake
[0.957s] -- Up-to-date symlink: /ws/ros2_ws/src/install/executors_cpp/share/executors_cpp/package.xml
[0.959s] Invoked command in '/ws/ros2_ws/src/build/executors_cpp' returned '0': CMAKE_PREFIX_PATH=${CMAKE_PREFIX_PATH}:/ws/ros2_ws/install/turtlesim_catch_them_all:/ws/ros2_ws/install/activity:/ws/ros2_ws/install/my_py_pkg:/ws/ros2_ws/install/lifecycle_py:/ws/ros2_ws/install/executors_py:/ws/ros2_ws/install/components_py:/ws/ros2_ws/install/action_py:/ws/r2_ws/install/silo_tracking:/ws/r2_ws/install/r2_py:/ws/r2_ws/install/r2_navigation:/ws/r2_ws/install/luna_control:/ws/r2_ws/install/controls:/ws/r2_ws/install/ball_tracking:/opt/ros/humble /usr/bin/cmake --install /ws/ros2_ws/src/build/executors_cpp
