[100%] Built target single_threaded_executor
[100%] Built target multi_threaded_executor
-- Install configuration: ""
-- Execute custom install script
-- Symlinking: /ws/ros2_ws/src/install/executors_cpp/lib/executors_cpp//single_threaded_executor
-- Symlinking: /ws/ros2_ws/src/install/executors_cpp/lib/executors_cpp//multi_threaded_executor
-- Symlinking: /ws/ros2_ws/src/install/executors_cpp/share/ament_index/resource_index/package_run_dependencies/executors_cpp
-- Symlinking: /ws/ros2_ws/src/install/executors_cpp/share/ament_index/resource_index/parent_prefix_path/executors_cpp
-- Symlinking: /ws/ros2_ws/src/install/executors_cpp/share/executors_cpp/environment/ament_prefix_path.sh
-- Symlinking: /ws/ros2_ws/src/install/executors_cpp/share/executors_cpp/environment/ament_prefix_path.dsv
-- Symlinking: /ws/ros2_ws/src/install/executors_cpp/share/executors_cpp/environment/path.sh
-- Symlinking: /ws/ros2_ws/src/install/executors_cpp/share/executors_cpp/environment/path.dsv
-- Symlinking: /ws/ros2_ws/src/install/executors_cpp/share/executors_cpp/local_setup.bash
-- Symlinking: /ws/ros2_ws/src/install/executors_cpp/share/executors_cpp/local_setup.sh
-- Symlinking: /ws/ros2_ws/src/install/executors_cpp/share/executors_cpp/local_setup.zsh
-- Symlinking: /ws/ros2_ws/src/install/executors_cpp/share/executors_cpp/local_setup.dsv
-- Symlinking: /ws/ros2_ws/src/install/executors_cpp/share/executors_cpp/package.dsv
-- Symlinking: /ws/ros2_ws/src/install/executors_cpp/share/ament_index/resource_index/packages/executors_cpp
-- Symlinking: /ws/ros2_ws/src/install/executors_cpp/share/executors_cpp/cmake/executors_cppConfig.cmake
-- Symlinking: /ws/ros2_ws/src/install/executors_cpp/share/executors_cpp/cmake/executors_cppConfig-version.cmake
-- Symlinking: /ws/ros2_ws/src/install/executors_cpp/share/executors_cpp/package.xml
