[0.444s] Invoking command in '/ws/ros2_ws/src/build/executors_cpp': CMAKE_PREFIX_PATH=${CMAKE_PREFIX_PATH}:/ws/ros2_ws/install/turtlesim_catch_them_all:/ws/ros2_ws/install/activity:/ws/ros2_ws/install/my_py_pkg:/ws/ros2_ws/install/lifecycle_py:/ws/ros2_ws/install/executors_py:/ws/ros2_ws/install/components_py:/ws/ros2_ws/install/action_py:/ws/r2_ws/install/silo_tracking:/ws/r2_ws/install/r2_py:/ws/r2_ws/install/r2_navigation:/ws/r2_ws/install/luna_control:/ws/r2_ws/install/controls:/ws/r2_ws/install/ball_tracking:/opt/ros/humble /usr/bin/cmake --build /ws/ros2_ws/src/build/executors_cpp -- -j24 -l24
[0.740s] [100%] Built target single_threaded_executor
[0.740s] [100%] Built target multi_threaded_executor
[0.744s] Invoked command in '/ws/ros2_ws/src/build/executors_cpp' returned '0': CMAKE_PREFIX_PATH=${CMAKE_PREFIX_PATH}:/ws/ros2_ws/install/turtlesim_catch_them_all:/ws/ros2_ws/install/activity:/ws/ros2_ws/install/my_py_pkg:/ws/ros2_ws/install/lifecycle_py:/ws/ros2_ws/install/executors_py:/ws/ros2_ws/install/components_py:/ws/ros2_ws/install/action_py:/ws/r2_ws/install/silo_tracking:/ws/r2_ws/install/r2_py:/ws/r2_ws/install/r2_navigation:/ws/r2_ws/install/luna_control:/ws/r2_ws/install/controls:/ws/r2_ws/install/ball_tracking:/opt/ros/humble /usr/bin/cmake --build /ws/ros2_ws/src/build/executors_cpp -- -j24 -l24
[0.913s] Invoking command in '/ws/ros2_ws/src/build/executors_cpp': CMAKE_PREFIX_PATH=${CMAKE_PREFIX_PATH}:/ws/ros2_ws/install/turtlesim_catch_them_all:/ws/ros2_ws/install/activity:/ws/ros2_ws/install/my_py_pkg:/ws/ros2_ws/install/lifecycle_py:/ws/ros2_ws/install/executors_py:/ws/ros2_ws/install/components_py:/ws/ros2_ws/install/action_py:/ws/r2_ws/install/silo_tracking:/ws/r2_ws/install/r2_py:/ws/r2_ws/install/r2_navigation:/ws/r2_ws/install/luna_control:/ws/r2_ws/install/controls:/ws/r2_ws/install/ball_tracking:/opt/ros/humble /usr/bin/cmake --install /ws/ros2_ws/src/build/executors_cpp
[0.922s] -- Install configuration: ""
[0.923s] -- Execute custom install script
[0.923s] -- Symlinking: /ws/ros2_ws/src/install/executors_cpp/lib/executors_cpp//single_threaded_executor
[0.930s] -- Symlinking: /ws/ros2_ws/src/install/executors_cpp/lib/executors_cpp//multi_threaded_executor
[0.939s] -- Symlinking: /ws/ros2_ws/src/install/executors_cpp/share/ament_index/resource_index/package_run_dependencies/executors_cpp
[0.948s] -- Symlinking: /ws/ros2_ws/src/install/executors_cpp/share/ament_index/resource_index/parent_prefix_path/executors_cpp
[0.957s] -- Symlinking: /ws/ros2_ws/src/install/executors_cpp/share/executors_cpp/environment/ament_prefix_path.sh
[0.967s] -- Symlinking: /ws/ros2_ws/src/install/executors_cpp/share/executors_cpp/environment/ament_prefix_path.dsv
[0.977s] -- Symlinking: /ws/ros2_ws/src/install/executors_cpp/share/executors_cpp/environment/path.sh
[0.985s] -- Symlinking: /ws/ros2_ws/src/install/executors_cpp/share/executors_cpp/environment/path.dsv
[0.994s] -- Symlinking: /ws/ros2_ws/src/install/executors_cpp/share/executors_cpp/local_setup.bash
[1.001s] -- Symlinking: /ws/ros2_ws/src/install/executors_cpp/share/executors_cpp/local_setup.sh
[1.008s] -- Symlinking: /ws/ros2_ws/src/install/executors_cpp/share/executors_cpp/local_setup.zsh
[1.015s] -- Symlinking: /ws/ros2_ws/src/install/executors_cpp/share/executors_cpp/local_setup.dsv
[1.025s] -- Symlinking: /ws/ros2_ws/src/install/executors_cpp/share/executors_cpp/package.dsv
[1.034s] -- Symlinking: /ws/ros2_ws/src/install/executors_cpp/share/ament_index/resource_index/packages/executors_cpp
[1.044s] -- Symlinking: /ws/ros2_ws/src/install/executors_cpp/share/executors_cpp/cmake/executors_cppConfig.cmake
[1.050s] -- Symlinking: /ws/ros2_ws/src/install/executors_cpp/share/executors_cpp/cmake/executors_cppConfig-version.cmake
[1.057s] -- Symlinking: /ws/ros2_ws/src/install/executors_cpp/share/executors_cpp/package.xml
[1.065s] Invoked command in '/ws/ros2_ws/src/build/executors_cpp' returned '0': CMAKE_PREFIX_PATH=${CMAKE_PREFIX_PATH}:/ws/ros2_ws/install/turtlesim_catch_them_all:/ws/ros2_ws/install/activity:/ws/ros2_ws/install/my_py_pkg:/ws/ros2_ws/install/lifecycle_py:/ws/ros2_ws/install/executors_py:/ws/ros2_ws/install/components_py:/ws/ros2_ws/install/action_py:/ws/r2_ws/install/silo_tracking:/ws/r2_ws/install/r2_py:/ws/r2_ws/install/r2_navigation:/ws/r2_ws/install/luna_control:/ws/r2_ws/install/controls:/ws/r2_ws/install/ball_tracking:/opt/ros/humble /usr/bin/cmake --install /ws/ros2_ws/src/build/executors_cpp
