[35m[1mConsolidate compiler generated dependencies of target my_robot_interfaces__rosidl_generator_c[0m
[  1%] Built target my_robot_interfaces__cpp
[ 12%] Built target my_robot_interfaces__rosidl_generator_c
[ 12%] Built target ament_cmake_python_symlink_my_robot_interfaces
[35m[1mConsolidate compiler generated dependencies of target my_robot_interfaces__rosidl_typesupport_cpp[0m
[35m[1mConsolidate compiler generated dependencies of target my_robot_interfaces__rosidl_typesupport_fastrtps_cpp[0m
[35m[1mConsolidate compiler generated dependencies of target my_robot_interfaces__rosidl_typesupport_introspection_cpp[0m
[35m[1mConsolidate compiler generated dependencies of target my_robot_interfaces__rosidl_typesupport_introspection_c[0m
[35m[1mConsolidate compiler generated dependencies of target my_robot_interfaces__rosidl_typesupport_fastrtps_c[0m
[35m[1mConsolidate compiler generated dependencies of target my_robot_interfaces__rosidl_typesupport_c[0m
[ 24%] Built target my_robot_interfaces__rosidl_typesupport_introspection_c
[ 35%] Built target my_robot_interfaces__rosidl_typesupport_introspection_cpp
[ 47%] Built target my_robot_interfaces__rosidl_typesupport_cpp
[ 58%] Built target my_robot_interfaces__rosidl_typesupport_c
[ 77%] Built target my_robot_interfaces__rosidl_typesupport_fastrtps_c
[ 81%] Built target my_robot_interfaces__rosidl_typesupport_fastrtps_cpp
[ 81%] Built target my_robot_interfaces
[ 82%] Built target my_robot_interfaces__py
[35m[1mConsolidate compiler generated dependencies of target my_robot_interfaces__rosidl_generator_py[0m
[ 93%] Built target my_robot_interfaces__rosidl_generator_py
[35m[1mConsolidate compiler generated dependencies of target my_robot_interfaces__rosidl_typesupport_fastrtps_c__pyext[0m
[35m[1mConsolidate compiler generated dependencies of target my_robot_interfaces__rosidl_typesupport_introspection_c__pyext[0m
[35m[1mConsolidate compiler generated dependencies of target my_robot_interfaces__rosidl_typesupport_c__pyext[0m
[ 97%] Built target my_robot_interfaces__rosidl_typesupport_introspection_c__pyext
[ 97%] Built target my_robot_interfaces__rosidl_typesupport_fastrtps_c__pyext
[100%] Built target my_robot_interfaces__rosidl_typesupport_c__pyext
running egg_info
writing my_robot_interfaces.egg-info/PKG-INFO
writing dependency_links to my_robot_interfaces.egg-info/dependency_links.txt
writing top-level names to my_robot_interfaces.egg-info/top_level.txt
reading manifest file 'my_robot_interfaces.egg-info/SOURCES.txt'
writing manifest file 'my_robot_interfaces.egg-info/SOURCES.txt'
[100%] Built target ament_cmake_python_build_my_robot_interfaces_egg
