[1.331s] Invoking command in '/ws/ros2_ws/src/build/components_py': PYTHONPATH=/ws/ros2_ws/src/build/components_py/prefix_override:/usr/lib/python3/dist-packages/colcon_core/task/python/colcon_distutils_commands:/ws/ros2_ws/src/install/components_py/lib/python3.10/site-packages:${PYTHONPATH} /usr/bin/python3 -W ignore:setup.py install is deprecated setup.py develop --editable --build-directory /ws/ros2_ws/src/build/components_py/build --no-deps symlink_data
[1.586s] running develop
[1.587s] /home/vipul/.local/lib/python3.10/site-packages/setuptools/command/develop.py:42: EasyInstallDeprecationWarning: easy_install command is deprecated.
[1.587s] !!
[1.588s] 
[1.588s]         ********************************************************************************
[1.588s]         Please avoid running ``setup.py`` and ``easy_install``.
[1.588s]         Instead, use pypa/build, pypa/installer or other
[1.588s]         standards-based tools.
[1.588s] 
[1.588s]         See https://github.com/pypa/setuptools/issues/917 for details.
[1.588s]         ********************************************************************************
[1.588s] 
[1.588s] !!
[1.589s]   easy_install.initialize_options(self)
[1.749s] running egg_info
[1.761s] writing components_py.egg-info/PKG-INFO
[1.761s] writing dependency_links to components_py.egg-info/dependency_links.txt
[1.761s] writing requirements to components_py.egg-info/requires.txt
[1.761s] writing top-level names to components_py.egg-info/top_level.txt
[1.785s] reading manifest file 'components_py.egg-info/SOURCES.txt'
[1.785s] writing manifest file 'components_py.egg-info/SOURCES.txt'
[1.798s] running build_ext
[1.798s] Creating /ws/ros2_ws/src/install/components_py/lib/python3.10/site-packages/components-py.egg-link (link to .)
[1.799s] 
[1.799s] Installed /ws/ros2_ws/src/build/components_py
[1.799s] running symlink_data
[1.825s] Invoked command in '/ws/ros2_ws/src/build/components_py' returned '0': PYTHONPATH=/ws/ros2_ws/src/build/components_py/prefix_override:/usr/lib/python3/dist-packages/colcon_core/task/python/colcon_distutils_commands:/ws/ros2_ws/src/install/components_py/lib/python3.10/site-packages:${PYTHONPATH} /usr/bin/python3 -W ignore:setup.py install is deprecated setup.py develop --editable --build-directory /ws/ros2_ws/src/build/components_py/build --no-deps symlink_data
