[ 50%] Built target add_two_ints_client
[ 50%] Built target cpp_publisher
[ 75%] Built target cpp_subscriber
[100%] Built target add_two_ints_server
-- Install configuration: ""
-- Execute custom install script
-- Symlinking: /ws/ros2_ws/src/install/my_cpp_package/lib/my_cpp_package/cpp_publisher
-- Symlinking: /ws/ros2_ws/src/install/my_cpp_package/lib/my_cpp_package/cpp_subscriber
-- Symlinking: /ws/ros2_ws/src/install/my_cpp_package/lib/my_cpp_package/add_two_ints_server
-- Symlinking: /ws/ros2_ws/src/install/my_cpp_package/lib/my_cpp_package/add_two_ints_client
-- Symlinking: /ws/ros2_ws/src/install/my_cpp_package/share/ament_index/resource_index/package_run_dependencies/my_cpp_package
-- Symlinking: /ws/ros2_ws/src/install/my_cpp_package/share/ament_index/resource_index/parent_prefix_path/my_cpp_package
-- Symlinking: /ws/ros2_ws/src/install/my_cpp_package/share/my_cpp_package/environment/ament_prefix_path.sh
-- Symlinking: /ws/ros2_ws/src/install/my_cpp_package/share/my_cpp_package/environment/ament_prefix_path.dsv
-- Symlinking: /ws/ros2_ws/src/install/my_cpp_package/share/my_cpp_package/environment/path.sh
-- Symlinking: /ws/ros2_ws/src/install/my_cpp_package/share/my_cpp_package/environment/path.dsv
-- Symlinking: /ws/ros2_ws/src/install/my_cpp_package/share/my_cpp_package/local_setup.bash
-- Symlinking: /ws/ros2_ws/src/install/my_cpp_package/share/my_cpp_package/local_setup.sh
-- Symlinking: /ws/ros2_ws/src/install/my_cpp_package/share/my_cpp_package/local_setup.zsh
-- Symlinking: /ws/ros2_ws/src/install/my_cpp_package/share/my_cpp_package/local_setup.dsv
-- Symlinking: /ws/ros2_ws/src/install/my_cpp_package/share/my_cpp_package/package.dsv
-- Symlinking: /ws/ros2_ws/src/install/my_cpp_package/share/ament_index/resource_index/packages/my_cpp_package
-- Symlinking: /ws/ros2_ws/src/install/my_cpp_package/share/my_cpp_package/cmake/my_cpp_packageConfig.cmake
-- Symlinking: /ws/ros2_ws/src/install/my_cpp_package/share/my_cpp_package/cmake/my_cpp_packageConfig-version.cmake
-- Symlinking: /ws/ros2_ws/src/install/my_cpp_package/share/my_cpp_package/package.xml
