[0.008s] Invoking command in '/ws/ros2_ws/src/build/my_robot_bringup': AMENT_PREFIX_PATH=/ws/ros2_ws/src/install/lifecycle_py:/ws/ros2_ws/src/install/lifecycle_cpp:${AMENT_PREFIX_PATH} CMAKE_PREFIX_PATH=/ws/ros2_ws/src/install/lifecycle_cpp:/ws/ros2_ws/install/actions_cpp:/ws/ros2_ws/install/my_robot_interfaces:/ws/ros2_ws/install/my_robot_description:/ws/ros2_ws/install/my_robot_bringup:/ws/ros2_ws/install/my_cpp_package:/ws/ros2_ws/install/lifecycle_cpp:/ws/ros2_ws/install/executors_cpp:/ws/ros2_ws/install/components_cpp:/ws/r2_ws/install/r2_bringup:/ws/r2_ws/install/gripper_srvs:/ws/r2_ws/install/r2_interfaces:/ws/r2_ws/install/r2_description:/ws/r2_ws/install/line_following:/ws/ros2_ws/install/turtlesim_catch_them_all:/ws/ros2_ws/install/activity:/ws/ros2_ws/install/my_py_pkg:/ws/ros2_ws/install/lifecycle_py:/ws/ros2_ws/install/executors_py:/ws/ros2_ws/install/components_py:/ws/ros2_ws/install/action_py:/ws/r2_ws/install/silo_tracking:/ws/r2_ws/install/r2_py:/ws/r2_ws/install/r2_navigation:/ws/r2_ws/install/luna_control:/ws/r2_ws/install/controls:/ws/r2_ws/install/ball_tracking:/opt/ros/humble PYTHONPATH=/ws/ros2_ws/src/build/lifecycle_py:/ws/ros2_ws/src/install/lifecycle_py/lib/python3.10/site-packages:${PYTHONPATH} /usr/bin/cmake /ws/ros2_ws/src/my_robot_bringup -DAMENT_CMAKE_SYMLINK_INSTALL=1 -DCMAKE_INSTALL_PREFIX=/ws/ros2_ws/src/install/my_robot_bringup
[0.041s] -- The C compiler identification is GNU 11.4.0
[0.074s] -- The CXX compiler identification is GNU 11.4.0
[0.078s] -- Detecting C compiler ABI info
[0.117s] -- Detecting C compiler ABI info - done
[0.122s] -- Check for working C compiler: /usr/bin/cc - skipped
[0.122s] -- Detecting C compile features
[0.122s] -- Detecting C compile features - done
[0.124s] -- Detecting CXX compiler ABI info
[0.172s] -- Detecting CXX compiler ABI info - done
[0.177s] -- Check for working CXX compiler: /usr/bin/c++ - skipped
[0.177s] -- Detecting CXX compile features
[0.177s] -- Detecting CXX compile features - done
[0.179s] -- Found ament_cmake: 1.3.9 (/opt/ros/humble/share/ament_cmake/cmake)
[0.463s] -- Found Python3: /usr/bin/python3 (found version "3.10.12") found components: Interpreter 
[0.516s] -- Override CMake install command with custom implementation using symlinks instead of copying resources
[0.596s] -- Configuring done
[0.597s] -- Generating done
[0.598s] -- Build files have been written to: /ws/ros2_ws/src/build/my_robot_bringup
[0.657s] Invoked command in '/ws/ros2_ws/src/build/my_robot_bringup' returned '0': AMENT_PREFIX_PATH=/ws/ros2_ws/src/install/lifecycle_py:/ws/ros2_ws/src/install/lifecycle_cpp:${AMENT_PREFIX_PATH} CMAKE_PREFIX_PATH=/ws/ros2_ws/src/install/lifecycle_cpp:/ws/ros2_ws/install/actions_cpp:/ws/ros2_ws/install/my_robot_interfaces:/ws/ros2_ws/install/my_robot_description:/ws/ros2_ws/install/my_robot_bringup:/ws/ros2_ws/install/my_cpp_package:/ws/ros2_ws/install/lifecycle_cpp:/ws/ros2_ws/install/executors_cpp:/ws/ros2_ws/install/components_cpp:/ws/r2_ws/install/r2_bringup:/ws/r2_ws/install/gripper_srvs:/ws/r2_ws/install/r2_interfaces:/ws/r2_ws/install/r2_description:/ws/r2_ws/install/line_following:/ws/ros2_ws/install/turtlesim_catch_them_all:/ws/ros2_ws/install/activity:/ws/ros2_ws/install/my_py_pkg:/ws/ros2_ws/install/lifecycle_py:/ws/ros2_ws/install/executors_py:/ws/ros2_ws/install/components_py:/ws/ros2_ws/install/action_py:/ws/r2_ws/install/silo_tracking:/ws/r2_ws/install/r2_py:/ws/r2_ws/install/r2_navigation:/ws/r2_ws/install/luna_control:/ws/r2_ws/install/controls:/ws/r2_ws/install/ball_tracking:/opt/ros/humble PYTHONPATH=/ws/ros2_ws/src/build/lifecycle_py:/ws/ros2_ws/src/install/lifecycle_py/lib/python3.10/site-packages:${PYTHONPATH} /usr/bin/cmake /ws/ros2_ws/src/my_robot_bringup -DAMENT_CMAKE_SYMLINK_INSTALL=1 -DCMAKE_INSTALL_PREFIX=/ws/ros2_ws/src/install/my_robot_bringup
[0.658s] Invoking command in '/ws/ros2_ws/src/build/my_robot_bringup': AMENT_PREFIX_PATH=/ws/ros2_ws/src/install/lifecycle_py:/ws/ros2_ws/src/install/lifecycle_cpp:${AMENT_PREFIX_PATH} CMAKE_PREFIX_PATH=/ws/ros2_ws/src/install/lifecycle_cpp:/ws/ros2_ws/install/actions_cpp:/ws/ros2_ws/install/my_robot_interfaces:/ws/ros2_ws/install/my_robot_description:/ws/ros2_ws/install/my_robot_bringup:/ws/ros2_ws/install/my_cpp_package:/ws/ros2_ws/install/lifecycle_cpp:/ws/ros2_ws/install/executors_cpp:/ws/ros2_ws/install/components_cpp:/ws/r2_ws/install/r2_bringup:/ws/r2_ws/install/gripper_srvs:/ws/r2_ws/install/r2_interfaces:/ws/r2_ws/install/r2_description:/ws/r2_ws/install/line_following:/ws/ros2_ws/install/turtlesim_catch_them_all:/ws/ros2_ws/install/activity:/ws/ros2_ws/install/my_py_pkg:/ws/ros2_ws/install/lifecycle_py:/ws/ros2_ws/install/executors_py:/ws/ros2_ws/install/components_py:/ws/ros2_ws/install/action_py:/ws/r2_ws/install/silo_tracking:/ws/r2_ws/install/r2_py:/ws/r2_ws/install/r2_navigation:/ws/r2_ws/install/luna_control:/ws/r2_ws/install/controls:/ws/r2_ws/install/ball_tracking:/opt/ros/humble PYTHONPATH=/ws/ros2_ws/src/build/lifecycle_py:/ws/ros2_ws/src/install/lifecycle_py/lib/python3.10/site-packages:${PYTHONPATH} /usr/bin/cmake --build /ws/ros2_ws/src/build/my_robot_bringup -- -j24 -l24
[0.681s] Invoked command in '/ws/ros2_ws/src/build/my_robot_bringup' returned '0': AMENT_PREFIX_PATH=/ws/ros2_ws/src/install/lifecycle_py:/ws/ros2_ws/src/install/lifecycle_cpp:${AMENT_PREFIX_PATH} CMAKE_PREFIX_PATH=/ws/ros2_ws/src/install/lifecycle_cpp:/ws/ros2_ws/install/actions_cpp:/ws/ros2_ws/install/my_robot_interfaces:/ws/ros2_ws/install/my_robot_description:/ws/ros2_ws/install/my_robot_bringup:/ws/ros2_ws/install/my_cpp_package:/ws/ros2_ws/install/lifecycle_cpp:/ws/ros2_ws/install/executors_cpp:/ws/ros2_ws/install/components_cpp:/ws/r2_ws/install/r2_bringup:/ws/r2_ws/install/gripper_srvs:/ws/r2_ws/install/r2_interfaces:/ws/r2_ws/install/r2_description:/ws/r2_ws/install/line_following:/ws/ros2_ws/install/turtlesim_catch_them_all:/ws/ros2_ws/install/activity:/ws/ros2_ws/install/my_py_pkg:/ws/ros2_ws/install/lifecycle_py:/ws/ros2_ws/install/executors_py:/ws/ros2_ws/install/components_py:/ws/ros2_ws/install/action_py:/ws/r2_ws/install/silo_tracking:/ws/r2_ws/install/r2_py:/ws/r2_ws/install/r2_navigation:/ws/r2_ws/install/luna_control:/ws/r2_ws/install/controls:/ws/r2_ws/install/ball_tracking:/opt/ros/humble PYTHONPATH=/ws/ros2_ws/src/build/lifecycle_py:/ws/ros2_ws/src/install/lifecycle_py/lib/python3.10/site-packages:${PYTHONPATH} /usr/bin/cmake --build /ws/ros2_ws/src/build/my_robot_bringup -- -j24 -l24
[0.696s] Invoking command in '/ws/ros2_ws/src/build/my_robot_bringup': AMENT_PREFIX_PATH=/ws/ros2_ws/src/install/lifecycle_py:/ws/ros2_ws/src/install/lifecycle_cpp:${AMENT_PREFIX_PATH} CMAKE_PREFIX_PATH=/ws/ros2_ws/src/install/lifecycle_cpp:/ws/ros2_ws/install/actions_cpp:/ws/ros2_ws/install/my_robot_interfaces:/ws/ros2_ws/install/my_robot_description:/ws/ros2_ws/install/my_robot_bringup:/ws/ros2_ws/install/my_cpp_package:/ws/ros2_ws/install/lifecycle_cpp:/ws/ros2_ws/install/executors_cpp:/ws/ros2_ws/install/components_cpp:/ws/r2_ws/install/r2_bringup:/ws/r2_ws/install/gripper_srvs:/ws/r2_ws/install/r2_interfaces:/ws/r2_ws/install/r2_description:/ws/r2_ws/install/line_following:/ws/ros2_ws/install/turtlesim_catch_them_all:/ws/ros2_ws/install/activity:/ws/ros2_ws/install/my_py_pkg:/ws/ros2_ws/install/lifecycle_py:/ws/ros2_ws/install/executors_py:/ws/ros2_ws/install/components_py:/ws/ros2_ws/install/action_py:/ws/r2_ws/install/silo_tracking:/ws/r2_ws/install/r2_py:/ws/r2_ws/install/r2_navigation:/ws/r2_ws/install/luna_control:/ws/r2_ws/install/controls:/ws/r2_ws/install/ball_tracking:/opt/ros/humble PYTHONPATH=/ws/ros2_ws/src/build/lifecycle_py:/ws/ros2_ws/src/install/lifecycle_py/lib/python3.10/site-packages:${PYTHONPATH} /usr/bin/cmake --install /ws/ros2_ws/src/build/my_robot_bringup
[0.701s] -- Install configuration: ""
[0.701s] -- Execute custom install script
[0.701s] -- Symlinking: /ws/ros2_ws/src/install/my_robot_bringup/share/my_robot_bringup//launch/lifecycle_test.launch.py
[0.706s] -- Symlinking: /ws/ros2_ws/src/install/my_robot_bringup/share/my_robot_bringup//launch/lifecycle_test.launch.xml
[0.712s] -- Symlinking: /ws/ros2_ws/src/install/my_robot_bringup/share/my_robot_bringup//launch/my_robot_gazebo.launch.xml
[0.718s] -- Symlinking: /ws/ros2_ws/src/install/my_robot_bringup/share/my_robot_bringup//launch/parent.launch.py
[0.725s] -- Symlinking: /ws/ros2_ws/src/install/my_robot_bringup/share/ament_index/resource_index/package_run_dependencies/my_robot_bringup
[0.731s] -- Symlinking: /ws/ros2_ws/src/install/my_robot_bringup/share/ament_index/resource_index/parent_prefix_path/my_robot_bringup
[0.737s] -- Symlinking: /ws/ros2_ws/src/install/my_robot_bringup/share/my_robot_bringup/environment/ament_prefix_path.sh
[0.743s] -- Symlinking: /ws/ros2_ws/src/install/my_robot_bringup/share/my_robot_bringup/environment/ament_prefix_path.dsv
[0.751s] -- Symlinking: /ws/ros2_ws/src/install/my_robot_bringup/share/my_robot_bringup/environment/path.sh
[0.757s] -- Symlinking: /ws/ros2_ws/src/install/my_robot_bringup/share/my_robot_bringup/environment/path.dsv
[0.765s] -- Symlinking: /ws/ros2_ws/src/install/my_robot_bringup/share/my_robot_bringup/local_setup.bash
[0.772s] -- Symlinking: /ws/ros2_ws/src/install/my_robot_bringup/share/my_robot_bringup/local_setup.sh
[0.781s] -- Symlinking: /ws/ros2_ws/src/install/my_robot_bringup/share/my_robot_bringup/local_setup.zsh
[0.787s] -- Symlinking: /ws/ros2_ws/src/install/my_robot_bringup/share/my_robot_bringup/local_setup.dsv
[0.793s] -- Symlinking: /ws/ros2_ws/src/install/my_robot_bringup/share/my_robot_bringup/package.dsv
[0.799s] -- Symlinking: /ws/ros2_ws/src/install/my_robot_bringup/share/ament_index/resource_index/packages/my_robot_bringup
[0.804s] -- Symlinking: /ws/ros2_ws/src/install/my_robot_bringup/share/my_robot_bringup/cmake/my_robot_bringupConfig.cmake
[0.810s] -- Symlinking: /ws/ros2_ws/src/install/my_robot_bringup/share/my_robot_bringup/cmake/my_robot_bringupConfig-version.cmake
[0.818s] -- Symlinking: /ws/ros2_ws/src/install/my_robot_bringup/share/my_robot_bringup/package.xml
[0.825s] Invoked command in '/ws/ros2_ws/src/build/my_robot_bringup' returned '0': AMENT_PREFIX_PATH=/ws/ros2_ws/src/install/lifecycle_py:/ws/ros2_ws/src/install/lifecycle_cpp:${AMENT_PREFIX_PATH} CMAKE_PREFIX_PATH=/ws/ros2_ws/src/install/lifecycle_cpp:/ws/ros2_ws/install/actions_cpp:/ws/ros2_ws/install/my_robot_interfaces:/ws/ros2_ws/install/my_robot_description:/ws/ros2_ws/install/my_robot_bringup:/ws/ros2_ws/install/my_cpp_package:/ws/ros2_ws/install/lifecycle_cpp:/ws/ros2_ws/install/executors_cpp:/ws/ros2_ws/install/components_cpp:/ws/r2_ws/install/r2_bringup:/ws/r2_ws/install/gripper_srvs:/ws/r2_ws/install/r2_interfaces:/ws/r2_ws/install/r2_description:/ws/r2_ws/install/line_following:/ws/ros2_ws/install/turtlesim_catch_them_all:/ws/ros2_ws/install/activity:/ws/ros2_ws/install/my_py_pkg:/ws/ros2_ws/install/lifecycle_py:/ws/ros2_ws/install/executors_py:/ws/ros2_ws/install/components_py:/ws/ros2_ws/install/action_py:/ws/r2_ws/install/silo_tracking:/ws/r2_ws/install/r2_py:/ws/r2_ws/install/r2_navigation:/ws/r2_ws/install/luna_control:/ws/r2_ws/install/controls:/ws/r2_ws/install/ball_tracking:/opt/ros/humble PYTHONPATH=/ws/ros2_ws/src/build/lifecycle_py:/ws/ros2_ws/src/install/lifecycle_py/lib/python3.10/site-packages:${PYTHONPATH} /usr/bin/cmake --install /ws/ros2_ws/src/build/my_robot_bringup
