[0.035s] Invoking command in '/ws/ros2_ws/src/build/lifecycle_cpp': CMAKE_PREFIX_PATH=${CMAKE_PREFIX_PATH}:/ws/ros2_ws/install/turtlesim_catch_them_all:/ws/ros2_ws/install/activity:/ws/ros2_ws/install/my_py_pkg:/ws/ros2_ws/install/lifecycle_py:/ws/ros2_ws/install/executors_py:/ws/ros2_ws/install/components_py:/ws/ros2_ws/install/action_py:/ws/r2_ws/install/silo_tracking:/ws/r2_ws/install/r2_py:/ws/r2_ws/install/r2_navigation:/ws/r2_ws/install/luna_control:/ws/r2_ws/install/controls:/ws/r2_ws/install/ball_tracking:/opt/ros/humble /usr/bin/cmake /ws/ros2_ws/src/lifecycle_cpp -DAMENT_CMAKE_SYMLINK_INSTALL=1 -DCMAKE_INSTALL_PREFIX=/ws/ros2_ws/src/install/lifecycle_cpp
[0.955s] -- The C compiler identification is GNU 11.4.0
[0.955s] -- The CXX compiler identification is GNU 11.4.0
[0.956s] -- Detecting C compiler ABI info
[0.956s] -- Detecting C compiler ABI info - done
[0.956s] -- Check for working C compiler: /usr/bin/cc - skipped
[0.956s] -- Detecting C compile features
[0.957s] -- Detecting C compile features - done
[0.957s] -- Detecting CXX compiler ABI info
[0.957s] -- Detecting CXX compiler ABI info - done
[0.958s] -- Check for working CXX compiler: /usr/bin/c++ - skipped
[0.958s] -- Detecting CXX compile features
[0.958s] -- Detecting CXX compile features - done
[0.958s] -- Found ament_cmake: 1.3.9 (/opt/ros/humble/share/ament_cmake/cmake)
[0.958s] -- Found Python3: /usr/bin/python3 (found version "3.10.12") found components: Interpreter 
[0.959s] -- Override CMake install command with custom implementation using symlinks instead of copying resources
[0.959s] -- Found rclcpp: 16.0.9 (/opt/ros/humble/share/rclcpp/cmake)
[0.959s] -- Found rosidl_generator_c: 3.1.5 (/opt/ros/humble/share/rosidl_generator_c/cmake)
[0.960s] -- Found rosidl_adapter: 3.1.5 (/opt/ros/humble/share/rosidl_adapter/cmake)
[0.960s] -- Found rosidl_generator_cpp: 3.1.5 (/opt/ros/humble/share/rosidl_generator_cpp/cmake)
[0.960s] -- Using all available rosidl_typesupport_c: rosidl_typesupport_fastrtps_c;rosidl_typesupport_introspection_c
[0.960s] -- Using all available rosidl_typesupport_cpp: rosidl_typesupport_fastrtps_cpp;rosidl_typesupport_introspection_cpp
[0.961s] -- Found rmw_implementation_cmake: 6.1.2 (/opt/ros/humble/share/rmw_implementation_cmake/cmake)
[0.961s] -- Found rmw_fastrtps_cpp: 6.2.6 (/opt/ros/humble/share/rmw_fastrtps_cpp/cmake)
[0.961s] -- Found OpenSSL: /usr/lib/x86_64-linux-gnu/libcrypto.so (found version "3.0.2")  
[0.961s] -- Found FastRTPS: /opt/ros/humble/include  
[0.961s] -- Using RMW implementation 'rmw_fastrtps_cpp' as default
[0.968s] -- Looking for pthread.h
[1.008s] -- Looking for pthread.h - found
[1.009s] -- Performing Test CMAKE_HAVE_LIBC_PTHREAD
[1.072s] -- Performing Test CMAKE_HAVE_LIBC_PTHREAD - Success
[1.074s] -- Found Threads: TRUE  
[1.267s] -- Found rclcpp_lifecycle: 16.0.9 (/opt/ros/humble/share/rclcpp_lifecycle/cmake)
[1.328s] -- Found example_interfaces: 0.9.3 (/opt/ros/humble/share/example_interfaces/cmake)
[1.659s] -- Configuring done
[1.674s] -- Generating done
[1.676s] -- Build files have been written to: /ws/ros2_ws/src/build/lifecycle_cpp
[1.701s] Invoked command in '/ws/ros2_ws/src/build/lifecycle_cpp' returned '0': CMAKE_PREFIX_PATH=${CMAKE_PREFIX_PATH}:/ws/ros2_ws/install/turtlesim_catch_them_all:/ws/ros2_ws/install/activity:/ws/ros2_ws/install/my_py_pkg:/ws/ros2_ws/install/lifecycle_py:/ws/ros2_ws/install/executors_py:/ws/ros2_ws/install/components_py:/ws/ros2_ws/install/action_py:/ws/r2_ws/install/silo_tracking:/ws/r2_ws/install/r2_py:/ws/r2_ws/install/r2_navigation:/ws/r2_ws/install/luna_control:/ws/r2_ws/install/controls:/ws/r2_ws/install/ball_tracking:/opt/ros/humble /usr/bin/cmake /ws/ros2_ws/src/lifecycle_cpp -DAMENT_CMAKE_SYMLINK_INSTALL=1 -DCMAKE_INSTALL_PREFIX=/ws/ros2_ws/src/install/lifecycle_cpp
[1.703s] Invoking command in '/ws/ros2_ws/src/build/lifecycle_cpp': CMAKE_PREFIX_PATH=${CMAKE_PREFIX_PATH}:/ws/ros2_ws/install/turtlesim_catch_them_all:/ws/ros2_ws/install/activity:/ws/ros2_ws/install/my_py_pkg:/ws/ros2_ws/install/lifecycle_py:/ws/ros2_ws/install/executors_py:/ws/ros2_ws/install/components_py:/ws/ros2_ws/install/action_py:/ws/r2_ws/install/silo_tracking:/ws/r2_ws/install/r2_py:/ws/r2_ws/install/r2_navigation:/ws/r2_ws/install/luna_control:/ws/r2_ws/install/controls:/ws/r2_ws/install/ball_tracking:/opt/ros/humble /usr/bin/cmake --build /ws/ros2_ws/src/build/lifecycle_cpp -- -j24 -l24
[1.771s] [ 50%] [32mBuilding CXX object CMakeFiles/number_publisher.dir/src/number_publisher.cpp.o[0m
[4.528s] [100%] [32m[1mLinking CXX executable number_publisher[0m
[4.663s] [100%] Built target number_publisher
