running develop
/home/vipul/.local/lib/python3.10/site-packages/setuptools/command/develop.py:42: EasyInstallDeprecationWarning: easy_install command is deprecated.
!!

        ********************************************************************************
        Please avoid running ``setup.py`` and ``easy_install``.
        Instead, use pypa/build, pypa/installer or other
        standards-based tools.

        See https://github.com/pypa/setuptools/issues/917 for details.
        ********************************************************************************

!!
  easy_install.initialize_options(self)
running egg_info
creating lifecycle_py.egg-info
writing lifecycle_py.egg-info/PKG-INFO
writing dependency_links to lifecycle_py.egg-info/dependency_links.txt
writing entry points to lifecycle_py.egg-info/entry_points.txt
writing requirements to lifecycle_py.egg-info/requires.txt
writing top-level names to lifecycle_py.egg-info/top_level.txt
writing manifest file 'lifecycle_py.egg-info/SOURCES.txt'
reading manifest file 'lifecycle_py.egg-info/SOURCES.txt'
writing manifest file 'lifecycle_py.egg-info/SOURCES.txt'
running build_ext
Creating /ws/ros2_ws/src/install/lifecycle_py/lib/python3.10/site-packages/lifecycle-py.egg-link (link to .)
Installing lifecycle_node_manager script to /ws/ros2_ws/src/install/lifecycle_py/lib/lifecycle_py
Installing move_robot_server script to /ws/ros2_ws/src/install/lifecycle_py/lib/lifecycle_py
Installing number_publisher script to /ws/ros2_ws/src/install/lifecycle_py/lib/lifecycle_py

Installed /ws/ros2_ws/src/build/lifecycle_py
running symlink_data
creating /ws/ros2_ws/src/install/lifecycle_py/share/ament_index
creating /ws/ros2_ws/src/install/lifecycle_py/share/ament_index/resource_index
creating /ws/ros2_ws/src/install/lifecycle_py/share/ament_index/resource_index/packages
symbolically linking /ws/ros2_ws/src/build/lifecycle_py/resource/lifecycle_py -> /ws/ros2_ws/src/install/lifecycle_py/share/ament_index/resource_index/packages
symbolically linking /ws/ros2_ws/src/build/lifecycle_py/package.xml -> /ws/ros2_ws/src/install/lifecycle_py/share/lifecycle_py
