[1.577s] Invoking command in '/ws/ros2_ws/src/build/lifecycle_py': PYTHONPATH=/ws/ros2_ws/src/build/lifecycle_py/prefix_override:/usr/lib/python3/dist-packages/colcon_core/task/python/colcon_distutils_commands:/ws/ros2_ws/src/install/lifecycle_py/lib/python3.10/site-packages:${PYTHONPATH} /usr/bin/python3 -W ignore:setup.py install is deprecated setup.py develop --editable --build-directory /ws/ros2_ws/src/build/lifecycle_py/build --no-deps symlink_data
[1.914s] running develop
[1.914s] /home/vipul/.local/lib/python3.10/site-packages/setuptools/command/develop.py:42: EasyInstallDeprecationWarning: easy_install command is deprecated.
[1.914s] !!
[1.914s] 
[1.914s]         ********************************************************************************
[1.915s]         Please avoid running ``setup.py`` and ``easy_install``.
[1.915s]         Instead, use pypa/build, pypa/installer or other
[1.915s]         standards-based tools.
[1.915s] 
[1.915s]         See https://github.com/pypa/setuptools/issues/917 for details.
[1.915s]         ********************************************************************************
[1.915s] 
[1.915s] !!
[1.915s]   easy_install.initialize_options(self)
[2.121s] running egg_info
[2.121s] creating lifecycle_py.egg-info
[2.132s] writing lifecycle_py.egg-info/PKG-INFO
[2.132s] writing dependency_links to lifecycle_py.egg-info/dependency_links.txt
[2.132s] writing entry points to lifecycle_py.egg-info/entry_points.txt
[2.133s] writing requirements to lifecycle_py.egg-info/requires.txt
[2.133s] writing top-level names to lifecycle_py.egg-info/top_level.txt
[2.133s] writing manifest file 'lifecycle_py.egg-info/SOURCES.txt'
[2.155s] reading manifest file 'lifecycle_py.egg-info/SOURCES.txt'
[2.155s] writing manifest file 'lifecycle_py.egg-info/SOURCES.txt'
[2.168s] running build_ext
[2.168s] Creating /ws/ros2_ws/src/install/lifecycle_py/lib/python3.10/site-packages/lifecycle-py.egg-link (link to .)
[2.168s] Installing lifecycle_node_manager script to /ws/ros2_ws/src/install/lifecycle_py/lib/lifecycle_py
[2.169s] Installing move_robot_server script to /ws/ros2_ws/src/install/lifecycle_py/lib/lifecycle_py
[2.169s] Installing number_publisher script to /ws/ros2_ws/src/install/lifecycle_py/lib/lifecycle_py
[2.169s] 
[2.169s] Installed /ws/ros2_ws/src/build/lifecycle_py
[2.169s] running symlink_data
[2.169s] creating /ws/ros2_ws/src/install/lifecycle_py/share/ament_index
[2.170s] creating /ws/ros2_ws/src/install/lifecycle_py/share/ament_index/resource_index
[2.170s] creating /ws/ros2_ws/src/install/lifecycle_py/share/ament_index/resource_index/packages
[2.170s] symbolically linking /ws/ros2_ws/src/build/lifecycle_py/resource/lifecycle_py -> /ws/ros2_ws/src/install/lifecycle_py/share/ament_index/resource_index/packages
[2.170s] symbolically linking /ws/ros2_ws/src/build/lifecycle_py/package.xml -> /ws/ros2_ws/src/install/lifecycle_py/share/lifecycle_py
