[1.606s] Invoking command in '/ws/ros2_ws/src/build/action_py': PYTHONPATH=/ws/ros2_ws/src/build/action_py/prefix_override:/usr/lib/python3/dist-packages/colcon_core/task/python/colcon_distutils_commands:/ws/ros2_ws/src/install/action_py/lib/python3.10/site-packages:${PYTHONPATH} /usr/bin/python3 -W ignore:setup.py install is deprecated setup.py develop --editable --build-directory /ws/ros2_ws/src/build/action_py/build --no-deps symlink_data
[2.018s] running develop
[2.019s] /home/vipul/.local/lib/python3.10/site-packages/setuptools/command/develop.py:42: EasyInstallDeprecationWarning: easy_install command is deprecated.
[2.019s] !!
[2.019s] 
[2.019s]         ********************************************************************************
[2.019s]         Please avoid running ``setup.py`` and ``easy_install``.
[2.019s]         Instead, use pypa/build, pypa/installer or other
[2.019s]         standards-based tools.
[2.019s] 
[2.019s]         See https://github.com/pypa/setuptools/issues/917 for details.
[2.020s]         ********************************************************************************
[2.020s] 
[2.020s] !!
[2.020s]   easy_install.initialize_options(self)
[2.181s] running egg_info
[2.191s] writing action_py.egg-info/PKG-INFO
[2.192s] writing dependency_links to action_py.egg-info/dependency_links.txt
[2.192s] writing entry points to action_py.egg-info/entry_points.txt
[2.192s] writing requirements to action_py.egg-info/requires.txt
[2.192s] writing top-level names to action_py.egg-info/top_level.txt
[2.214s] reading manifest file 'action_py.egg-info/SOURCES.txt'
[2.215s] writing manifest file 'action_py.egg-info/SOURCES.txt'
[2.227s] running build_ext
[2.228s] Creating /ws/ros2_ws/src/install/action_py/lib/python3.10/site-packages/action-py.egg-link (link to .)
[2.228s] Installing action_challenge_client script to /ws/ros2_ws/src/install/action_py/lib/action_py
[2.228s] Installing action_challenge_server script to /ws/ros2_ws/src/install/action_py/lib/action_py
[2.228s] Installing count_until_client script to /ws/ros2_ws/src/install/action_py/lib/action_py
[2.229s] Installing count_until_server script to /ws/ros2_ws/src/install/action_py/lib/action_py
[2.229s] 
[2.229s] Installed /ws/ros2_ws/src/build/action_py
[2.229s] running symlink_data
[2.258s] Invoked command in '/ws/ros2_ws/src/build/action_py' returned '0': PYTHONPATH=/ws/ros2_ws/src/build/action_py/prefix_override:/usr/lib/python3/dist-packages/colcon_core/task/python/colcon_distutils_commands:/ws/ros2_ws/src/install/action_py/lib/python3.10/site-packages:${PYTHONPATH} /usr/bin/python3 -W ignore:setup.py install is deprecated setup.py develop --editable --build-directory /ws/ros2_ws/src/build/action_py/build --no-deps symlink_data
