running develop
/home/vipul/.local/lib/python3.10/site-packages/setuptools/command/develop.py:42: EasyInstallDeprecationWarning: easy_install command is deprecated.
!!

        ********************************************************************************
        Please avoid running ``setup.py`` and ``easy_install``.
        Instead, use pypa/build, pypa/installer or other
        standards-based tools.

        See https://github.com/pypa/setuptools/issues/917 for details.
        ********************************************************************************

!!
  easy_install.initialize_options(self)
running egg_info
creating activity.egg-info
writing activity.egg-info/PKG-INFO
writing dependency_links to activity.egg-info/dependency_links.txt
writing entry points to activity.egg-info/entry_points.txt
writing requirements to activity.egg-info/requires.txt
writing top-level names to activity.egg-info/top_level.txt
writing manifest file 'activity.egg-info/SOURCES.txt'
reading manifest file 'activity.egg-info/SOURCES.txt'
writing manifest file 'activity.egg-info/SOURCES.txt'
running build_ext
Creating /ws/ros2_ws/src/install/activity/lib/python3.10/site-packages/activity.egg-link (link to .)
Installing batteryNode script to /ws/ros2_ws/src/install/activity/lib/activity
Installing ledPanelNode script to /ws/ros2_ws/src/install/activity/lib/activity
Installing num_pub script to /ws/ros2_ws/src/install/activity/lib/activity
Installing number_counter script to /ws/ros2_ws/src/install/activity/lib/activity

Installed /ws/ros2_ws/src/build/activity
running symlink_data
creating /ws/ros2_ws/src/install/activity/share/ament_index
creating /ws/ros2_ws/src/install/activity/share/ament_index/resource_index
creating /ws/ros2_ws/src/install/activity/share/ament_index/resource_index/packages
symbolically linking /ws/ros2_ws/src/build/activity/resource/activity -> /ws/ros2_ws/src/install/activity/share/ament_index/resource_index/packages
symbolically linking /ws/ros2_ws/src/build/activity/package.xml -> /ws/ros2_ws/src/install/activity/share/activity
