[0.753s] Invoking command in '/ws/ros2_ws/src/build/my_robot_description': CMAKE_PREFIX_PATH=${CMAKE_PREFIX_PATH}:/ws/ros2_ws/install/turtlesim_catch_them_all:/ws/ros2_ws/install/activity:/ws/ros2_ws/install/my_py_pkg:/ws/ros2_ws/install/lifecycle_py:/ws/ros2_ws/install/executors_py:/ws/ros2_ws/install/components_py:/ws/ros2_ws/install/action_py:/ws/r2_ws/install/silo_tracking:/ws/r2_ws/install/r2_py:/ws/r2_ws/install/r2_navigation:/ws/r2_ws/install/luna_control:/ws/r2_ws/install/controls:/ws/r2_ws/install/ball_tracking:/opt/ros/humble /usr/bin/cmake /ws/ros2_ws/src/my_robot_description -DAMENT_CMAKE_SYMLINK_INSTALL=1 -DCMAKE_INSTALL_PREFIX=/ws/ros2_ws/src/install/my_robot_description
[0.941s] -- The C compiler identification is GNU 11.4.0
[0.941s] -- The CXX compiler identification is GNU 11.4.0
[0.941s] -- Detecting C compiler ABI info
[0.941s] -- Detecting C compiler ABI info - done
[0.941s] -- Check for working C compiler: /usr/bin/cc - skipped
[0.941s] -- Detecting C compile features
[0.942s] -- Detecting C compile features - done
[0.942s] -- Detecting CXX compiler ABI info
[0.959s] -- Detecting CXX compiler ABI info - done
[0.969s] -- Check for working CXX compiler: /usr/bin/c++ - skipped
[0.969s] -- Detecting CXX compile features
[0.970s] -- Detecting CXX compile features - done
[0.975s] -- Found ament_cmake: 1.3.9 (/opt/ros/humble/share/ament_cmake/cmake)
[1.380s] -- Found Python3: /usr/bin/python3 (found version "3.10.12") found components: Interpreter 
[1.489s] -- Override CMake install command with custom implementation using symlinks instead of copying resources
[1.634s] -- Configuring done
[1.636s] -- Generating done
[1.638s] -- Build files have been written to: /ws/ros2_ws/src/build/my_robot_description
[1.645s] Invoked command in '/ws/ros2_ws/src/build/my_robot_description' returned '0': CMAKE_PREFIX_PATH=${CMAKE_PREFIX_PATH}:/ws/ros2_ws/install/turtlesim_catch_them_all:/ws/ros2_ws/install/activity:/ws/ros2_ws/install/my_py_pkg:/ws/ros2_ws/install/lifecycle_py:/ws/ros2_ws/install/executors_py:/ws/ros2_ws/install/components_py:/ws/ros2_ws/install/action_py:/ws/r2_ws/install/silo_tracking:/ws/r2_ws/install/r2_py:/ws/r2_ws/install/r2_navigation:/ws/r2_ws/install/luna_control:/ws/r2_ws/install/controls:/ws/r2_ws/install/ball_tracking:/opt/ros/humble /usr/bin/cmake /ws/ros2_ws/src/my_robot_description -DAMENT_CMAKE_SYMLINK_INSTALL=1 -DCMAKE_INSTALL_PREFIX=/ws/ros2_ws/src/install/my_robot_description
[1.648s] Invoking command in '/ws/ros2_ws/src/build/my_robot_description': CMAKE_PREFIX_PATH=${CMAKE_PREFIX_PATH}:/ws/ros2_ws/install/turtlesim_catch_them_all:/ws/ros2_ws/install/activity:/ws/ros2_ws/install/my_py_pkg:/ws/ros2_ws/install/lifecycle_py:/ws/ros2_ws/install/executors_py:/ws/ros2_ws/install/components_py:/ws/ros2_ws/install/action_py:/ws/r2_ws/install/silo_tracking:/ws/r2_ws/install/r2_py:/ws/r2_ws/install/r2_navigation:/ws/r2_ws/install/luna_control:/ws/r2_ws/install/controls:/ws/r2_ws/install/ball_tracking:/opt/ros/humble /usr/bin/cmake --build /ws/ros2_ws/src/build/my_robot_description -- -j24 -l24
[1.710s] Invoked command in '/ws/ros2_ws/src/build/my_robot_description' returned '0': CMAKE_PREFIX_PATH=${CMAKE_PREFIX_PATH}:/ws/ros2_ws/install/turtlesim_catch_them_all:/ws/ros2_ws/install/activity:/ws/ros2_ws/install/my_py_pkg:/ws/ros2_ws/install/lifecycle_py:/ws/ros2_ws/install/executors_py:/ws/ros2_ws/install/components_py:/ws/ros2_ws/install/action_py:/ws/r2_ws/install/silo_tracking:/ws/r2_ws/install/r2_py:/ws/r2_ws/install/r2_navigation:/ws/r2_ws/install/luna_control:/ws/r2_ws/install/controls:/ws/r2_ws/install/ball_tracking:/opt/ros/humble /usr/bin/cmake --build /ws/ros2_ws/src/build/my_robot_description -- -j24 -l24
[1.759s] Invoking command in '/ws/ros2_ws/src/build/my_robot_description': CMAKE_PREFIX_PATH=${CMAKE_PREFIX_PATH}:/ws/ros2_ws/install/turtlesim_catch_them_all:/ws/ros2_ws/install/activity:/ws/ros2_ws/install/my_py_pkg:/ws/ros2_ws/install/lifecycle_py:/ws/ros2_ws/install/executors_py:/ws/ros2_ws/install/components_py:/ws/ros2_ws/install/action_py:/ws/r2_ws/install/silo_tracking:/ws/r2_ws/install/r2_py:/ws/r2_ws/install/r2_navigation:/ws/r2_ws/install/luna_control:/ws/r2_ws/install/controls:/ws/r2_ws/install/ball_tracking:/opt/ros/humble /usr/bin/cmake --install /ws/ros2_ws/src/build/my_robot_description
[1.769s] -- Install configuration: ""
[1.770s] -- Execute custom install script
[1.770s] -- Symlinking: /ws/ros2_ws/src/install/my_robot_description/share/my_robot_description//urdf/arm.xacro
[1.783s] -- Symlinking: /ws/ros2_ws/src/install/my_robot_description/share/my_robot_description//urdf/arm_gazebo.xacro
[1.795s] -- Symlinking: /ws/ros2_ws/src/install/my_robot_description/share/my_robot_description//urdf/camera.xacro
[1.807s] -- Symlinking: /ws/ros2_ws/src/install/my_robot_description/share/my_robot_description//urdf/common_properties.xacro
[1.823s] -- Symlinking: /ws/ros2_ws/src/install/my_robot_description/share/my_robot_description//urdf/mobile_base.xacro
[1.833s] -- Symlinking: /ws/ros2_ws/src/install/my_robot_description/share/my_robot_description//urdf/mobile_base_gazebo.xacro
[1.844s] -- Symlinking: /ws/ros2_ws/src/install/my_robot_description/share/my_robot_description//urdf/my_robot.urdf.xacro
[1.855s] -- Symlinking: /ws/ros2_ws/src/install/my_robot_description/share/my_robot_description//urdf/standalone_arm.urdf.xacro
[1.867s] -- Symlinking: /ws/ros2_ws/src/install/my_robot_description/share/my_robot_description//launch/display.launch.py
[1.878s] -- Symlinking: /ws/ros2_ws/src/install/my_robot_description/share/my_robot_description//launch/display.launch.xml
[1.887s] -- Symlinking: /ws/ros2_ws/src/install/my_robot_description/share/my_robot_description//rviz/urdf_config.rviz
[1.894s] -- Symlinking: /ws/ros2_ws/src/install/my_robot_description/share/ament_index/resource_index/package_run_dependencies/my_robot_description
[1.924s] -- Symlinking: /ws/ros2_ws/src/install/my_robot_description/share/ament_index/resource_index/parent_prefix_path/my_robot_description
[1.925s] -- Symlinking: /ws/ros2_ws/src/install/my_robot_description/share/my_robot_description/environment/ament_prefix_path.sh
[1.929s] -- Symlinking: /ws/ros2_ws/src/install/my_robot_description/share/my_robot_description/environment/ament_prefix_path.dsv
[1.937s] -- Symlinking: /ws/ros2_ws/src/install/my_robot_description/share/my_robot_description/environment/path.sh
[1.949s] -- Symlinking: /ws/ros2_ws/src/install/my_robot_description/share/my_robot_description/environment/path.dsv
[1.957s] -- Symlinking: /ws/ros2_ws/src/install/my_robot_description/share/my_robot_description/local_setup.bash
[1.966s] -- Symlinking: /ws/ros2_ws/src/install/my_robot_description/share/my_robot_description/local_setup.sh
[1.973s] -- Symlinking: /ws/ros2_ws/src/install/my_robot_description/share/my_robot_description/local_setup.zsh
[1.982s] -- Symlinking: /ws/ros2_ws/src/install/my_robot_description/share/my_robot_description/local_setup.dsv
[1.989s] -- Symlinking: /ws/ros2_ws/src/install/my_robot_description/share/my_robot_description/package.dsv
[1.996s] -- Symlinking: /ws/ros2_ws/src/install/my_robot_description/share/ament_index/resource_index/packages/my_robot_description
[2.004s] -- Symlinking: /ws/ros2_ws/src/install/my_robot_description/share/my_robot_description/cmake/my_robot_descriptionConfig.cmake
[2.013s] -- Symlinking: /ws/ros2_ws/src/install/my_robot_description/share/my_robot_description/cmake/my_robot_descriptionConfig-version.cmake
[2.020s] -- Symlinking: /ws/ros2_ws/src/install/my_robot_description/share/my_robot_description/package.xml
