running develop
running egg_info
creating my_py_pkg.egg-info
writing my_py_pkg.egg-info/PKG-INFO
writing dependency_links to my_py_pkg.egg-info/dependency_links.txt
writing entry points to my_py_pkg.egg-info/entry_points.txt
writing requirements to my_py_pkg.egg-info/requires.txt
writing top-level names to my_py_pkg.egg-info/top_level.txt
writing manifest file 'my_py_pkg.egg-info/SOURCES.txt'
reading manifest file 'my_py_pkg.egg-info/SOURCES.txt'
writing manifest file 'my_py_pkg.egg-info/SOURCES.txt'
running build_ext
Creating /ws/ros2_ws/src/install/my_py_pkg/lib/python3.10/site-packages/my-py-pkg.egg-link (link to .)
Installing add_two_ints_client script to /ws/ros2_ws/src/install/my_py_pkg/lib/my_py_pkg
Installing add_two_ints_client_no_oop script to /ws/ros2_ws/src/install/my_py_pkg/lib/my_py_pkg
Installing add_two_ints_client_simple script to /ws/ros2_ws/src/install/my_py_pkg/lib/my_py_pkg
Installing add_two_ints_server script to /ws/ros2_ws/src/install/my_py_pkg/lib/my_py_pkg
Installing number_publisher script to /ws/ros2_ws/src/install/my_py_pkg/lib/my_py_pkg
Installing py_pub script to /ws/ros2_ws/src/install/my_py_pkg/lib/my_py_pkg
Installing py_sub script to /ws/ros2_ws/src/install/my_py_pkg/lib/my_py_pkg

Installed /ws/ros2_ws/src/build/my_py_pkg
running symlink_data
creating /ws/ros2_ws/src/install/my_py_pkg/share/ament_index
creating /ws/ros2_ws/src/install/my_py_pkg/share/ament_index/resource_index
creating /ws/ros2_ws/src/install/my_py_pkg/share/ament_index/resource_index/packages
symbolically linking /ws/ros2_ws/src/build/my_py_pkg/resource/my_py_pkg -> /ws/ros2_ws/src/install/my_py_pkg/share/ament_index/resource_index/packages
symbolically linking /ws/ros2_ws/src/build/my_py_pkg/package.xml -> /ws/ros2_ws/src/install/my_py_pkg/share/my_py_pkg
