[1.352s] Invoking command in '/ws/ros2_ws/src/build/my_py_pkg': PYTHONPATH=/ws/ros2_ws/src/build/my_py_pkg/prefix_override:/usr/lib/python3/dist-packages/colcon_core/task/python/colcon_distutils_commands:/ws/ros2_ws/src/install/my_py_pkg/lib/python3.10/site-packages:${PYTHONPATH} /usr/bin/python3 -W ignore:setup.py install is deprecated setup.py develop --editable --build-directory /ws/ros2_ws/src/build/my_py_pkg/build --no-deps symlink_data
[1.707s] running develop
[1.707s] /home/vipul/.local/lib/python3.10/site-packages/setuptools/command/develop.py:42: EasyInstallDeprecationWarning: easy_install command is deprecated.
[1.708s] !!
[1.708s] 
[1.708s]         ********************************************************************************
[1.708s]         Please avoid running ``setup.py`` and ``easy_install``.
[1.708s]         Instead, use pypa/build, pypa/installer or other
[1.708s]         standards-based tools.
[1.708s] 
[1.708s]         See https://github.com/pypa/setuptools/issues/917 for details.
[1.708s]         ********************************************************************************
[1.708s] 
[1.708s] !!
[1.709s]   easy_install.initialize_options(self)
[1.930s] running egg_info
[1.943s] writing my_py_pkg.egg-info/PKG-INFO
[1.943s] writing dependency_links to my_py_pkg.egg-info/dependency_links.txt
[1.943s] writing entry points to my_py_pkg.egg-info/entry_points.txt
[1.944s] writing requirements to my_py_pkg.egg-info/requires.txt
[1.944s] writing top-level names to my_py_pkg.egg-info/top_level.txt
[1.977s] reading manifest file 'my_py_pkg.egg-info/SOURCES.txt'
[1.977s] writing manifest file 'my_py_pkg.egg-info/SOURCES.txt'
[1.993s] running build_ext
[1.993s] Creating /ws/ros2_ws/src/install/my_py_pkg/lib/python3.10/site-packages/my-py-pkg.egg-link (link to .)
[1.994s] Installing add_two_ints_client script to /ws/ros2_ws/src/install/my_py_pkg/lib/my_py_pkg
[1.994s] Installing add_two_ints_client_no_oop script to /ws/ros2_ws/src/install/my_py_pkg/lib/my_py_pkg
[1.994s] Installing add_two_ints_client_simple script to /ws/ros2_ws/src/install/my_py_pkg/lib/my_py_pkg
[1.994s] Installing add_two_ints_server script to /ws/ros2_ws/src/install/my_py_pkg/lib/my_py_pkg
[1.995s] Installing number_publisher script to /ws/ros2_ws/src/install/my_py_pkg/lib/my_py_pkg
[1.995s] Installing py_pub script to /ws/ros2_ws/src/install/my_py_pkg/lib/my_py_pkg
[1.995s] Installing py_sub script to /ws/ros2_ws/src/install/my_py_pkg/lib/my_py_pkg
[1.995s] 
[1.995s] Installed /ws/ros2_ws/src/build/my_py_pkg
[1.995s] running symlink_data
[2.053s] Invoked command in '/ws/ros2_ws/src/build/my_py_pkg' returned '0': PYTHONPATH=/ws/ros2_ws/src/build/my_py_pkg/prefix_override:/usr/lib/python3/dist-packages/colcon_core/task/python/colcon_distutils_commands:/ws/ros2_ws/src/install/my_py_pkg/lib/python3.10/site-packages:${PYTHONPATH} /usr/bin/python3 -W ignore:setup.py install is deprecated setup.py develop --editable --build-directory /ws/ros2_ws/src/build/my_py_pkg/build --no-deps symlink_data
