[0.432s] Invoking command in '/ws/ros2_ws/src/build/executors_cpp': CMAKE_PREFIX_PATH=${CMAKE_PREFIX_PATH}:/ws/ros2_ws/install/turtlesim_catch_them_all:/ws/ros2_ws/install/activity:/ws/ros2_ws/install/my_py_pkg:/ws/ros2_ws/install/lifecycle_py:/ws/ros2_ws/install/executors_py:/ws/ros2_ws/install/components_py:/ws/ros2_ws/install/action_py:/ws/r2_ws/install/silo_tracking:/ws/r2_ws/install/r2_py:/ws/r2_ws/install/r2_navigation:/ws/r2_ws/install/luna_control:/ws/r2_ws/install/controls:/ws/r2_ws/install/ball_tracking:/opt/ros/humble /usr/bin/cmake /ws/ros2_ws/src/executors_cpp -DAMENT_CMAKE_SYMLINK_INSTALL=1 -DCMAKE_INSTALL_PREFIX=/ws/ros2_ws/src/install/executors_cpp
[0.949s] -- The C compiler identification is GNU 11.4.0
[0.949s] -- The CXX compiler identification is GNU 11.4.0
[0.949s] -- Detecting C compiler ABI info
[0.950s] -- Detecting C compiler ABI info - done
[0.950s] -- Check for working C compiler: /usr/bin/cc - skipped
[0.950s] -- Detecting C compile features
[0.950s] -- Detecting C compile features - done
[0.950s] -- Detecting CXX compiler ABI info
[0.950s] -- Detecting CXX compiler ABI info - done
[0.950s] -- Check for working CXX compiler: /usr/bin/c++ - skipped
[0.950s] -- Detecting CXX compile features
[0.950s] -- Detecting CXX compile features - done
[0.950s] -- Found ament_cmake: 1.3.9 (/opt/ros/humble/share/ament_cmake/cmake)
[1.019s] -- Found Python3: /usr/bin/python3 (found version "3.10.12") found components: Interpreter 
[1.116s] -- Override CMake install command with custom implementation using symlinks instead of copying resources
[1.175s] -- Found rclcpp: 16.0.9 (/opt/ros/humble/share/rclcpp/cmake)
[1.227s] -- Found rosidl_generator_c: 3.1.5 (/opt/ros/humble/share/rosidl_generator_c/cmake)
[1.232s] -- Found rosidl_adapter: 3.1.5 (/opt/ros/humble/share/rosidl_adapter/cmake)
[1.241s] -- Found rosidl_generator_cpp: 3.1.5 (/opt/ros/humble/share/rosidl_generator_cpp/cmake)
[1.254s] -- Using all available rosidl_typesupport_c: rosidl_typesupport_fastrtps_c;rosidl_typesupport_introspection_c
[1.274s] -- Using all available rosidl_typesupport_cpp: rosidl_typesupport_fastrtps_cpp;rosidl_typesupport_introspection_cpp
[1.354s] -- Found rmw_implementation_cmake: 6.1.2 (/opt/ros/humble/share/rmw_implementation_cmake/cmake)
[1.359s] -- Found rmw_fastrtps_cpp: 6.2.6 (/opt/ros/humble/share/rmw_fastrtps_cpp/cmake)
[1.458s] -- Found OpenSSL: /usr/lib/x86_64-linux-gnu/libcrypto.so (found version "3.0.2")  
[1.488s] -- Found FastRTPS: /opt/ros/humble/include  
[1.559s] -- Using RMW implementation 'rmw_fastrtps_cpp' as default
[1.576s] -- Looking for pthread.h
[1.663s] -- Looking for pthread.h - found
[1.664s] -- Performing Test CMAKE_HAVE_LIBC_PTHREAD
[1.756s] -- Performing Test CMAKE_HAVE_LIBC_PTHREAD - Success
[1.758s] -- Found Threads: TRUE  
[2.027s] -- Configuring done
[2.034s] -- Generating done
[2.035s] -- Build files have been written to: /ws/ros2_ws/src/build/executors_cpp
