[1.491s] Invoking command in '/ws/ros2_ws/src/build/my_py_pkg': PYTHONPATH=/ws/ros2_ws/src/build/my_py_pkg/prefix_override:/usr/lib/python3/dist-packages/colcon_core/task/python/colcon_distutils_commands:/ws/ros2_ws/src/install/my_py_pkg/lib/python3.10/site-packages:${PYTHONPATH} /usr/bin/python3 -W ignore:setup.py install is deprecated setup.py develop --editable --build-directory /ws/ros2_ws/src/build/my_py_pkg/build --no-deps symlink_data
[1.746s] running develop
[1.746s] /home/vipul/.local/lib/python3.10/site-packages/setuptools/command/develop.py:42: EasyInstallDeprecationWarning: easy_install command is deprecated.
[1.747s] !!
[1.747s] 
[1.747s]         ********************************************************************************
[1.747s]         Please avoid running ``setup.py`` and ``easy_install``.
[1.747s]         Instead, use pypa/build, pypa/installer or other
[1.747s]         standards-based tools.
[1.747s] 
[1.747s]         See https://github.com/pypa/setuptools/issues/917 for details.
[1.747s]         ********************************************************************************
[1.747s] 
[1.747s] !!
[1.747s]   easy_install.initialize_options(self)
[1.896s] running egg_info
[1.906s] writing my_py_pkg.egg-info/PKG-INFO
[1.907s] writing dependency_links to my_py_pkg.egg-info/dependency_links.txt
[1.907s] writing entry points to my_py_pkg.egg-info/entry_points.txt
[1.908s] writing requirements to my_py_pkg.egg-info/requires.txt
[1.908s] writing top-level names to my_py_pkg.egg-info/top_level.txt
[1.929s] reading manifest file 'my_py_pkg.egg-info/SOURCES.txt'
[1.929s] writing manifest file 'my_py_pkg.egg-info/SOURCES.txt'
[1.941s] running build_ext
[1.942s] Creating /ws/ros2_ws/src/install/my_py_pkg/lib/python3.10/site-packages/my-py-pkg.egg-link (link to .)
[1.943s] Installing add_two_ints_client script to /ws/ros2_ws/src/install/my_py_pkg/lib/my_py_pkg
[1.943s] Installing add_two_ints_client_no_oop script to /ws/ros2_ws/src/install/my_py_pkg/lib/my_py_pkg
[1.943s] Installing add_two_ints_client_simple script to /ws/ros2_ws/src/install/my_py_pkg/lib/my_py_pkg
[1.943s] Installing add_two_ints_server script to /ws/ros2_ws/src/install/my_py_pkg/lib/my_py_pkg
[1.943s] Installing number_publisher script to /ws/ros2_ws/src/install/my_py_pkg/lib/my_py_pkg
[1.943s] Installing py_pub script to /ws/ros2_ws/src/install/my_py_pkg/lib/my_py_pkg
[1.944s] Installing py_sub script to /ws/ros2_ws/src/install/my_py_pkg/lib/my_py_pkg
[1.945s] 
[1.945s] Installed /ws/ros2_ws/src/build/my_py_pkg
[1.945s] running symlink_data
[1.985s] Invoked command in '/ws/ros2_ws/src/build/my_py_pkg' returned '0': PYTHONPATH=/ws/ros2_ws/src/build/my_py_pkg/prefix_override:/usr/lib/python3/dist-packages/colcon_core/task/python/colcon_distutils_commands:/ws/ros2_ws/src/install/my_py_pkg/lib/python3.10/site-packages:${PYTHONPATH} /usr/bin/python3 -W ignore:setup.py install is deprecated setup.py develop --editable --build-directory /ws/ros2_ws/src/build/my_py_pkg/build --no-deps symlink_data
