[1.385s] Invoking command in '/ws/ros2_ws/src/build/turtlesim_catch_them_all': PYTHONPATH=/ws/ros2_ws/src/build/turtlesim_catch_them_all/prefix_override:/usr/lib/python3/dist-packages/colcon_core/task/python/colcon_distutils_commands:/ws/ros2_ws/src/install/turtlesim_catch_them_all/lib/python3.10/site-packages:${PYTHONPATH} /usr/bin/python3 -W ignore:setup.py install is deprecated setup.py develop --editable --build-directory /ws/ros2_ws/src/build/turtlesim_catch_them_all/build --no-deps symlink_data
[1.644s] /home/vipul/.local/lib/python3.10/site-packages/setuptools/command/develop.py:42: EasyInstallDeprecationWarning: easy_install command is deprecated.
[1.644s] !!
[1.644s] 
[1.644s]         ********************************************************************************
[1.644s]         Please avoid running ``setup.py`` and ``easy_install``.
[1.644s]         Instead, use pypa/build, pypa/installer or other
[1.644s]         standards-based tools.
[1.644s] 
[1.644s]         See https://github.com/pypa/setuptools/issues/917 for details.
[1.645s]         ********************************************************************************
[1.645s] 
[1.645s] !!
[1.645s]   easy_install.initialize_options(self)
[1.647s] running develop
[1.799s] running egg_info
[1.810s] writing turtlesim_catch_them_all.egg-info/PKG-INFO
[1.810s] writing dependency_links to turtlesim_catch_them_all.egg-info/dependency_links.txt
[1.811s] writing entry points to turtlesim_catch_them_all.egg-info/entry_points.txt
[1.811s] writing requirements to turtlesim_catch_them_all.egg-info/requires.txt
[1.812s] writing top-level names to turtlesim_catch_them_all.egg-info/top_level.txt
[1.834s] reading manifest file 'turtlesim_catch_them_all.egg-info/SOURCES.txt'
[1.835s] writing manifest file 'turtlesim_catch_them_all.egg-info/SOURCES.txt'
[1.847s] running build_ext
[1.848s] Creating /ws/ros2_ws/src/install/turtlesim_catch_them_all/lib/python3.10/site-packages/turtlesim-catch-them-all.egg-link (link to .)
[1.848s] Installing turtle_controller script to /ws/ros2_ws/src/install/turtlesim_catch_them_all/lib/turtlesim_catch_them_all
[1.849s] Installing turtle_spawner script to /ws/ros2_ws/src/install/turtlesim_catch_them_all/lib/turtlesim_catch_them_all
[1.849s] 
[1.849s] Installed /ws/ros2_ws/src/build/turtlesim_catch_them_all
[1.849s] running symlink_data
[1.899s] Invoked command in '/ws/ros2_ws/src/build/turtlesim_catch_them_all' returned '0': PYTHONPATH=/ws/ros2_ws/src/build/turtlesim_catch_them_all/prefix_override:/usr/lib/python3/dist-packages/colcon_core/task/python/colcon_distutils_commands:/ws/ros2_ws/src/install/turtlesim_catch_them_all/lib/python3.10/site-packages:${PYTHONPATH} /usr/bin/python3 -W ignore:setup.py install is deprecated setup.py develop --editable --build-directory /ws/ros2_ws/src/build/turtlesim_catch_them_all/build --no-deps symlink_data
