[ 75%] Built target add_two_ints_client
[ 75%] Built target cpp_publisher
[ 75%] Built target add_two_ints_server
[100%] Built target cpp_subscriber
-- Install configuration: ""
-- Execute custom install script
-- Up-to-date symlink: /ws/ros2_ws/src/install/my_cpp_package/lib/my_cpp_package/cpp_publisher
-- Up-to-date symlink: /ws/ros2_ws/src/install/my_cpp_package/lib/my_cpp_package/cpp_subscriber
-- Up-to-date symlink: /ws/ros2_ws/src/install/my_cpp_package/lib/my_cpp_package/add_two_ints_server
-- Up-to-date symlink: /ws/ros2_ws/src/install/my_cpp_package/lib/my_cpp_package/add_two_ints_client
-- Up-to-date symlink: /ws/ros2_ws/src/install/my_cpp_package/share/ament_index/resource_index/package_run_dependencies/my_cpp_package
-- Up-to-date symlink: /ws/ros2_ws/src/install/my_cpp_package/share/ament_index/resource_index/parent_prefix_path/my_cpp_package
-- Up-to-date symlink: /ws/ros2_ws/src/install/my_cpp_package/share/my_cpp_package/environment/ament_prefix_path.sh
-- Up-to-date symlink: /ws/ros2_ws/src/install/my_cpp_package/share/my_cpp_package/environment/ament_prefix_path.dsv
-- Up-to-date symlink: /ws/ros2_ws/src/install/my_cpp_package/share/my_cpp_package/environment/path.sh
-- Up-to-date symlink: /ws/ros2_ws/src/install/my_cpp_package/share/my_cpp_package/environment/path.dsv
-- Up-to-date symlink: /ws/ros2_ws/src/install/my_cpp_package/share/my_cpp_package/local_setup.bash
-- Up-to-date symlink: /ws/ros2_ws/src/install/my_cpp_package/share/my_cpp_package/local_setup.sh
-- Up-to-date symlink: /ws/ros2_ws/src/install/my_cpp_package/share/my_cpp_package/local_setup.zsh
-- Up-to-date symlink: /ws/ros2_ws/src/install/my_cpp_package/share/my_cpp_package/local_setup.dsv
-- Symlinking: /ws/ros2_ws/src/install/my_cpp_package/share/my_cpp_package/package.dsv
-- Up-to-date symlink: /ws/ros2_ws/src/install/my_cpp_package/share/ament_index/resource_index/packages/my_cpp_package
-- Up-to-date symlink: /ws/ros2_ws/src/install/my_cpp_package/share/my_cpp_package/cmake/my_cpp_packageConfig.cmake
-- Up-to-date symlink: /ws/ros2_ws/src/install/my_cpp_package/share/my_cpp_package/cmake/my_cpp_packageConfig-version.cmake
-- Up-to-date symlink: /ws/ros2_ws/src/install/my_cpp_package/share/my_cpp_package/package.xml
