[0.612s] Invoking command in '/ws/ros2_ws/src/build/my_cpp_package': CMAKE_PREFIX_PATH=${CMAKE_PREFIX_PATH}:/ws/ros2_ws/install/turtlesim_catch_them_all:/ws/ros2_ws/install/activity:/ws/ros2_ws/install/my_py_pkg:/ws/ros2_ws/install/lifecycle_py:/ws/ros2_ws/install/executors_py:/ws/ros2_ws/install/components_py:/ws/ros2_ws/install/action_py:/ws/r2_ws/install/silo_tracking:/ws/r2_ws/install/r2_py:/ws/r2_ws/install/r2_navigation:/ws/r2_ws/install/luna_control:/ws/r2_ws/install/controls:/ws/r2_ws/install/ball_tracking:/opt/ros/humble /usr/bin/cmake --build /ws/ros2_ws/src/build/my_cpp_package -- -j24 -l24
[0.760s] [ 75%] Built target add_two_ints_client
[0.761s] [ 75%] Built target cpp_publisher
[0.761s] [ 75%] Built target add_two_ints_server
[0.761s] [100%] Built target cpp_subscriber
[0.910s] Invoked command in '/ws/ros2_ws/src/build/my_cpp_package' returned '0': CMAKE_PREFIX_PATH=${CMAKE_PREFIX_PATH}:/ws/ros2_ws/install/turtlesim_catch_them_all:/ws/ros2_ws/install/activity:/ws/ros2_ws/install/my_py_pkg:/ws/ros2_ws/install/lifecycle_py:/ws/ros2_ws/install/executors_py:/ws/ros2_ws/install/components_py:/ws/ros2_ws/install/action_py:/ws/r2_ws/install/silo_tracking:/ws/r2_ws/install/r2_py:/ws/r2_ws/install/r2_navigation:/ws/r2_ws/install/luna_control:/ws/r2_ws/install/controls:/ws/r2_ws/install/ball_tracking:/opt/ros/humble /usr/bin/cmake --build /ws/ros2_ws/src/build/my_cpp_package -- -j24 -l24
[0.937s] Invoking command in '/ws/ros2_ws/src/build/my_cpp_package': CMAKE_PREFIX_PATH=${CMAKE_PREFIX_PATH}:/ws/ros2_ws/install/turtlesim_catch_them_all:/ws/ros2_ws/install/activity:/ws/ros2_ws/install/my_py_pkg:/ws/ros2_ws/install/lifecycle_py:/ws/ros2_ws/install/executors_py:/ws/ros2_ws/install/components_py:/ws/ros2_ws/install/action_py:/ws/r2_ws/install/silo_tracking:/ws/r2_ws/install/r2_py:/ws/r2_ws/install/r2_navigation:/ws/r2_ws/install/luna_control:/ws/r2_ws/install/controls:/ws/r2_ws/install/ball_tracking:/opt/ros/humble /usr/bin/cmake --install /ws/ros2_ws/src/build/my_cpp_package
[0.945s] -- Install configuration: ""
[0.945s] -- Execute custom install script
[0.945s] -- Up-to-date symlink: /ws/ros2_ws/src/install/my_cpp_package/lib/my_cpp_package/cpp_publisher
[0.945s] -- Up-to-date symlink: /ws/ros2_ws/src/install/my_cpp_package/lib/my_cpp_package/cpp_subscriber
[0.945s] -- Up-to-date symlink: /ws/ros2_ws/src/install/my_cpp_package/lib/my_cpp_package/add_two_ints_server
[0.945s] -- Up-to-date symlink: /ws/ros2_ws/src/install/my_cpp_package/lib/my_cpp_package/add_two_ints_client
[0.946s] -- Up-to-date symlink: /ws/ros2_ws/src/install/my_cpp_package/share/ament_index/resource_index/package_run_dependencies/my_cpp_package
[0.946s] -- Up-to-date symlink: /ws/ros2_ws/src/install/my_cpp_package/share/ament_index/resource_index/parent_prefix_path/my_cpp_package
[0.946s] -- Up-to-date symlink: /ws/ros2_ws/src/install/my_cpp_package/share/my_cpp_package/environment/ament_prefix_path.sh
[0.946s] -- Up-to-date symlink: /ws/ros2_ws/src/install/my_cpp_package/share/my_cpp_package/environment/ament_prefix_path.dsv
[0.946s] -- Up-to-date symlink: /ws/ros2_ws/src/install/my_cpp_package/share/my_cpp_package/environment/path.sh
[0.946s] -- Up-to-date symlink: /ws/ros2_ws/src/install/my_cpp_package/share/my_cpp_package/environment/path.dsv
[0.947s] -- Up-to-date symlink: /ws/ros2_ws/src/install/my_cpp_package/share/my_cpp_package/local_setup.bash
[0.947s] -- Up-to-date symlink: /ws/ros2_ws/src/install/my_cpp_package/share/my_cpp_package/local_setup.sh
[0.947s] -- Up-to-date symlink: /ws/ros2_ws/src/install/my_cpp_package/share/my_cpp_package/local_setup.zsh
[0.947s] -- Up-to-date symlink: /ws/ros2_ws/src/install/my_cpp_package/share/my_cpp_package/local_setup.dsv
[0.947s] -- Symlinking: /ws/ros2_ws/src/install/my_cpp_package/share/my_cpp_package/package.dsv
[0.956s] -- Up-to-date symlink: /ws/ros2_ws/src/install/my_cpp_package/share/ament_index/resource_index/packages/my_cpp_package
[0.956s] -- Up-to-date symlink: /ws/ros2_ws/src/install/my_cpp_package/share/my_cpp_package/cmake/my_cpp_packageConfig.cmake
[0.957s] -- Up-to-date symlink: /ws/ros2_ws/src/install/my_cpp_package/share/my_cpp_package/cmake/my_cpp_packageConfig-version.cmake
[0.958s] -- Up-to-date symlink: /ws/ros2_ws/src/install/my_cpp_package/share/my_cpp_package/package.xml
[0.989s] Invoked command in '/ws/ros2_ws/src/build/my_cpp_package' returned '0': CMAKE_PREFIX_PATH=${CMAKE_PREFIX_PATH}:/ws/ros2_ws/install/turtlesim_catch_them_all:/ws/ros2_ws/install/activity:/ws/ros2_ws/install/my_py_pkg:/ws/ros2_ws/install/lifecycle_py:/ws/ros2_ws/install/executors_py:/ws/ros2_ws/install/components_py:/ws/ros2_ws/install/action_py:/ws/r2_ws/install/silo_tracking:/ws/r2_ws/install/r2_py:/ws/r2_ws/install/r2_navigation:/ws/r2_ws/install/luna_control:/ws/r2_ws/install/controls:/ws/r2_ws/install/ball_tracking:/opt/ros/humble /usr/bin/cmake --install /ws/ros2_ws/src/build/my_cpp_package
