[1.489s] Invoking command in '/ws/ros2_ws/src/build/turtlesim_catch_them_all': PYTHONPATH=/ws/ros2_ws/src/build/turtlesim_catch_them_all/prefix_override:/usr/lib/python3/dist-packages/colcon_core/task/python/colcon_distutils_commands:/ws/ros2_ws/src/install/turtlesim_catch_them_all/lib/python3.10/site-packages:${PYTHONPATH} /usr/bin/python3 -W ignore:setup.py install is deprecated setup.py develop --editable --build-directory /ws/ros2_ws/src/build/turtlesim_catch_them_all/build --no-deps symlink_data
[1.953s] running develop
[1.953s] /home/vipul/.local/lib/python3.10/site-packages/setuptools/command/develop.py:42: EasyInstallDeprecationWarning: easy_install command is deprecated.
[1.953s] !!
[1.953s] 
[1.953s]         ********************************************************************************
[1.954s]         Please avoid running ``setup.py`` and ``easy_install``.
[1.954s]         Instead, use pypa/build, pypa/installer or other
[1.954s]         standards-based tools.
[1.954s] 
[1.954s]         See https://github.com/pypa/setuptools/issues/917 for details.
[1.954s]         ********************************************************************************
[1.954s] 
[1.954s] !!
[1.954s]   easy_install.initialize_options(self)
[2.105s] running egg_info
[2.115s] writing turtlesim_catch_them_all.egg-info/PKG-INFO
[2.115s] writing dependency_links to turtlesim_catch_them_all.egg-info/dependency_links.txt
[2.115s] writing entry points to turtlesim_catch_them_all.egg-info/entry_points.txt
[2.115s] writing requirements to turtlesim_catch_them_all.egg-info/requires.txt
[2.115s] writing top-level names to turtlesim_catch_them_all.egg-info/top_level.txt
[2.135s] reading manifest file 'turtlesim_catch_them_all.egg-info/SOURCES.txt'
[2.135s] writing manifest file 'turtlesim_catch_them_all.egg-info/SOURCES.txt'
[2.146s] running build_ext
[2.146s] Creating /ws/ros2_ws/src/install/turtlesim_catch_them_all/lib/python3.10/site-packages/turtlesim-catch-them-all.egg-link (link to .)
[2.147s] Installing turtle_controller script to /ws/ros2_ws/src/install/turtlesim_catch_them_all/lib/turtlesim_catch_them_all
[2.147s] Installing turtle_spawner script to /ws/ros2_ws/src/install/turtlesim_catch_them_all/lib/turtlesim_catch_them_all
[2.147s] 
[2.147s] Installed /ws/ros2_ws/src/build/turtlesim_catch_them_all
[2.147s] running symlink_data
[2.169s] Invoked command in '/ws/ros2_ws/src/build/turtlesim_catch_them_all' returned '0': PYTHONPATH=/ws/ros2_ws/src/build/turtlesim_catch_them_all/prefix_override:/usr/lib/python3/dist-packages/colcon_core/task/python/colcon_distutils_commands:/ws/ros2_ws/src/install/turtlesim_catch_them_all/lib/python3.10/site-packages:${PYTHONPATH} /usr/bin/python3 -W ignore:setup.py install is deprecated setup.py develop --editable --build-directory /ws/ros2_ws/src/build/turtlesim_catch_them_all/build --no-deps symlink_data
