running develop
/home/vipul/.local/lib/python3.10/site-packages/setuptools/command/develop.py:42: EasyInstallDeprecationWarning: easy_install command is deprecated.
!!

        ********************************************************************************
        Please avoid running ``setup.py`` and ``easy_install``.
        Instead, use pypa/build, pypa/installer or other
        standards-based tools.

        See https://github.com/pypa/setuptools/issues/917 for details.
        ********************************************************************************

!!
  easy_install.initialize_options(self)
running egg_info
writing components_py.egg-info/PKG-INFO
writing dependency_links to components_py.egg-info/dependency_links.txt
writing requirements to components_py.egg-info/requires.txt
writing top-level names to components_py.egg-info/top_level.txt
reading manifest file 'components_py.egg-info/SOURCES.txt'
writing manifest file 'components_py.egg-info/SOURCES.txt'
running build_ext
Creating /ws/ros2_ws/src/install/components_py/lib/python3.10/site-packages/components-py.egg-link (link to .)

Installed /ws/ros2_ws/src/build/components_py
running symlink_data
