[1.636s] Invoking command in '/ws/ros2_ws/src/build/components_py': PYTHONPATH=/ws/ros2_ws/src/build/components_py/prefix_override:/usr/lib/python3/dist-packages/colcon_core/task/python/colcon_distutils_commands:/ws/ros2_ws/src/install/components_py/lib/python3.10/site-packages:${PYTHONPATH} /usr/bin/python3 -W ignore:setup.py install is deprecated setup.py develop --editable --build-directory /ws/ros2_ws/src/build/components_py/build --no-deps symlink_data
[2.024s] running develop
[2.024s] /home/vipul/.local/lib/python3.10/site-packages/setuptools/command/develop.py:42: EasyInstallDeprecationWarning: easy_install command is deprecated.
[2.025s] !!
[2.025s] 
[2.025s]         ********************************************************************************
[2.025s]         Please avoid running ``setup.py`` and ``easy_install``.
[2.025s]         Instead, use pypa/build, pypa/installer or other
[2.025s]         standards-based tools.
[2.025s] 
[2.025s]         See https://github.com/pypa/setuptools/issues/917 for details.
[2.025s]         ********************************************************************************
[2.025s] 
[2.026s] !!
[2.026s]   easy_install.initialize_options(self)
[2.184s] running egg_info
[2.195s] writing components_py.egg-info/PKG-INFO
[2.195s] writing dependency_links to components_py.egg-info/dependency_links.txt
[2.195s] writing requirements to components_py.egg-info/requires.txt
[2.195s] writing top-level names to components_py.egg-info/top_level.txt
[2.217s] reading manifest file 'components_py.egg-info/SOURCES.txt'
[2.218s] writing manifest file 'components_py.egg-info/SOURCES.txt'
[2.232s] running build_ext
[2.232s] Creating /ws/ros2_ws/src/install/components_py/lib/python3.10/site-packages/components-py.egg-link (link to .)
[2.232s] 
[2.233s] Installed /ws/ros2_ws/src/build/components_py
[2.233s] running symlink_data
[2.264s] Invoked command in '/ws/ros2_ws/src/build/components_py' returned '0': PYTHONPATH=/ws/ros2_ws/src/build/components_py/prefix_override:/usr/lib/python3/dist-packages/colcon_core/task/python/colcon_distutils_commands:/ws/ros2_ws/src/install/components_py/lib/python3.10/site-packages:${PYTHONPATH} /usr/bin/python3 -W ignore:setup.py install is deprecated setup.py develop --editable --build-directory /ws/ros2_ws/src/build/components_py/build --no-deps symlink_data
