[1.319s] Invoking command in '/ws/ros2_ws/src/build/action_py': PYTHONPATH=/ws/ros2_ws/src/build/action_py/prefix_override:/usr/lib/python3/dist-packages/colcon_core/task/python/colcon_distutils_commands:/ws/ros2_ws/src/install/action_py/lib/python3.10/site-packages:${PYTHONPATH} /usr/bin/python3 -W ignore:setup.py install is deprecated setup.py develop --editable --build-directory /ws/ros2_ws/src/build/action_py/build --no-deps symlink_data
[1.581s] running develop
[1.581s] /home/vipul/.local/lib/python3.10/site-packages/setuptools/command/develop.py:42: EasyInstallDeprecationWarning: easy_install command is deprecated.
[1.581s] !!
[1.581s] 
[1.581s]         ********************************************************************************
[1.581s]         Please avoid running ``setup.py`` and ``easy_install``.
[1.581s]         Instead, use pypa/build, pypa/installer or other
[1.581s]         standards-based tools.
[1.581s] 
[1.581s]         See https://github.com/pypa/setuptools/issues/917 for details.
[1.581s]         ********************************************************************************
[1.582s] 
[1.582s] !!
[1.582s]   easy_install.initialize_options(self)
[1.736s] running egg_info
[1.748s] writing action_py.egg-info/PKG-INFO
[1.748s] writing dependency_links to action_py.egg-info/dependency_links.txt
[1.749s] writing entry points to action_py.egg-info/entry_points.txt
[1.749s] writing requirements to action_py.egg-info/requires.txt
[1.749s] writing top-level names to action_py.egg-info/top_level.txt
[1.773s] reading manifest file 'action_py.egg-info/SOURCES.txt'
[1.774s] writing manifest file 'action_py.egg-info/SOURCES.txt'
[1.787s] running build_ext
[1.788s] Creating /ws/ros2_ws/src/install/action_py/lib/python3.10/site-packages/action-py.egg-link (link to .)
[1.788s] Installing action_challenge_client script to /ws/ros2_ws/src/install/action_py/lib/action_py
[1.788s] Installing action_challenge_server script to /ws/ros2_ws/src/install/action_py/lib/action_py
[1.789s] Installing count_until_client script to /ws/ros2_ws/src/install/action_py/lib/action_py
[1.789s] Installing count_until_server script to /ws/ros2_ws/src/install/action_py/lib/action_py
[1.789s] 
[1.789s] Installed /ws/ros2_ws/src/build/action_py
[1.789s] running symlink_data
[1.816s] Invoked command in '/ws/ros2_ws/src/build/action_py' returned '0': PYTHONPATH=/ws/ros2_ws/src/build/action_py/prefix_override:/usr/lib/python3/dist-packages/colcon_core/task/python/colcon_distutils_commands:/ws/ros2_ws/src/install/action_py/lib/python3.10/site-packages:${PYTHONPATH} /usr/bin/python3 -W ignore:setup.py install is deprecated setup.py develop --editable --build-directory /ws/ros2_ws/src/build/action_py/build --no-deps symlink_data
